2.5 0 0 
2.5 0 0 
2.5 0 4.73319 
2.54055 -1.94958 4.73319 
2.54055 -1.94958 4.73319 
2.54055 -1.94958 4.73319 
2.54055 -1.94958 4.73319 
2.54367 -2.09955 4.73319 
2.48346 -2.39029 4.23319 
1.45988 -4.36024 4.23319 
1.24274 -4.60326 3.68319 
1.0885 -4.69605 3.68319 
1.0885 -4.69605 3.68319 
0.908557 -4.8043 3.68319 
0.908557 -4.8043 3.68319 
0.625784 -4.97442 3.68319 
0.625784 -4.97442 3.68319 
0.625784 -4.97442 4.68319 
0.625784 -4.97442 4.68319 
0.625784 -4.97442 4.68319 
0.625784 -4.97442 4.68319 
0.625784 -4.97442 3.18319 
0.206147 -4.99188 3.18319 
0.206147 -4.99188 3.18319 
0.206147 -4.99188 3.18319 
