hkstudio_glassescase.txt:
 move about halfway in the obj is to the far right wall in the office
apartment_monitor.txt:
 the obj is on the table in the bedroom to the left of the bed to the far right wall
apartment_fork.txt:
 move about halfway in the obj is in the living room on the table behind the couch to the far right wall
twobedrooms_glassescase.txt:
 move about halfway in the obj is in the living room on the table in front of the couch to the far right wall
apartment_laptop.txt:
 move about halfway in the obj is in the living room to the far right wall against the left wall
twobedrooms_monitor.txt:
 move about halfway in the obj is on the table to the far right wall against the left wall against the left wall in the office
apartment_glassescase.txt:
 move about halfway in the obj is in the living room on the table in front of the couch to the far right wall
twobedrooms_statue.txt:
 move about halfway in the obj is in the bedroom on the table to the right of the bed on the table to the far right wall against the left wall against the left wall
hkstudio_statue.txt:
 move about halfway in the obj is on the table beside chairs to the far right wall in the studio room
onebedroom_mug.txt:
 move about halfway in the obj is in the living room to the far right wall against the left wall
apartment_mug.txt:
 move about halfway in the obj is in the bedroom at the back to the far right wall
apartment_statue.txt:
 move about halfway in the obj is in the bedroom on the table to the right of the bed to the far right wall
onebedroom_laptop.txt:
 move about halfway in the obj is on the table beside chairs to the far right wall in the office
hkstudio_fork.txt:
 move about halfway in the obj is on the table beside chairs to the far right wall in the studio room
onebedroom_statue.txt:
 move about halfway in the obj is in the bedroom to the far right wall
twobedrooms_laptop.txt:
 move about halfway in the obj is in the meeting room to the far right wall
twobedrooms_mug.txt:
 move about halfway in the obj is in the living room on the table beside chairs to the far right wall
onebedroom_monitor.txt:
 move about halfway in the obj is in the bedroom to the far right wall against the left wall against the left wall on the table
hkstudio_mug.txt:
 move about halfway in the obj is on the table in front of the couch to the far right wall in the office
