-1 112 201 202 
-1 112 201 202 
-1 112 201 202 
-1 112 201 202 
-1 112 201 202 
-1 112 201 202 
-1 112 201 202 
-1 112 201 202 
-1 109 112 115 201 202 
-1 109 112 115 201 202 
-1 109 112 115 201 202 
-1 109 112 115 201 202 
-1 109 112 115 201 202 
-1 109 112 115 116 201 202 
-1 109 112 115 116 201 202 
-1 109 112 115 116 201 202 
-1 109 112 115 116 201 202 
-1 109 112 115 116 201 202 
-1 109 112 115 116 201 202 
-1 109 112 115 116 201 202 
-1 109 112 115 116 201 202 
-1 109 112 115 116 201 202 
-1 109 112 115 116 201 202 
-1 109 112 115 116 201 202 
-1 109 112 115 116 201 202 
-1 109 112 115 116 201 202 
-1 109 112 115 116 201 202 
-1 109 112 115 116 201 202 
-1 109 111 112 115 116 117 201 202 
-1 109 111 112 115 116 117 201 202 
-1 109 111 112 115 116 117 201 202 
-1 109 111 112 115 116 117 201 202 
-1 109 111 112 115 116 117 201 202 
-1 109 111 112 115 116 117 201 202 
-1 109 111 112 115 116 117 201 202 
-1 109 111 112 115 116 117 201 202 
