2.27222 -1.98518 3.73319 
2.27222 -1.98518 3.73319 
2.27222 -1.98518 4.03319 
2.27222 -1.98518 4.03319 
2.27222 -1.98518 4.03319 
2.27222 -1.98518 4.03319 
1.83878 -2.52205 4.03319 
1.7444 -2.67455 4.33319 
1.1336 -4.20733 4.33319 
1.09618 -4.2891 4.18319 
0.838709 -4.72934 4.18319 
0.838709 -4.72934 4.18319 
0.838709 -4.72934 4.18319 
1.30077 -4.77554 4.88319 
1.30077 -4.77554 4.88319 
1.30077 -4.77554 4.88319 
1.30077 -4.77554 6.03319 
1.73678 -4.88687 6.03319 
1.85477 -4.90773 6.23319 
2.81357 -4.95571 6.23319 
2.81357 -4.95571 6.23319 
2.81357 -4.95571 6.23319 
1.01152 -4.124 6.23319 
1.01152 -4.124 0.2 
1.01152 -4.124 4.18319 
1.01152 -4.124 4.18319 
1.01152 -4.124 4.18319 
1.01152 -4.124 4.18319 
1.01152 -4.124 2.98319 
1.01152 -4.124 2.98319 
1.01152 -4.124 3.58319 
0.713171 -4.26503 3.58319 
0.54274 -4.32087 3.28319 
-0.674951 -4.49445 3.28319 
-0.674951 -4.49445 3.28319 
-0.674951 -4.49445 3.28319 
