2.3 0 0.785398 
2.3 0 0.785398 
2.3 0 1.7354 
2.23118 0.414323 1.7354 
2.22152 0.563636 1.4854 
2.35714 2.14784 1.4854 
2.35714 2.14784 1.4854 
2.35714 2.14784 1.50221 
2.36947 2.32742 1.50221 
2.36947 2.32742 1.50221 
2.36947 2.32742 1.50221 
2.36947 2.32742 1.50221 
2.36947 2.32742 3.60221 
1.75139 2.02071 3.60221 
1.75139 2.02071 3.60221 
1.75139 2.02071 3.35221 
1.75139 2.02071 3.35221 
1.6047 1.98935 3.35221 
1.6047 1.98935 3.35221 
1.72205 2.01444 3.35221 
1.72205 2.01444 3.35221 
1.80028 2.03116 3.35221 
1.80028 2.03116 3.35221 
1.6536 1.9998 3.35221 
1.6536 1.9998 3.35221 
1.6536 1.9998 3.35221 
1.4189 1.94963 3.35221 
1.4189 1.94963 3.35221 
1.63404 1.99562 3.35221 
1.63404 1.99562 3.35221 
1.71227 2.01235 3.35221 
1.71227 2.01235 3.35221 
1.71227 2.01235 3.35221 
