0 0 0 
3.23252e-38 0 0 
6.35116e-38 -7.13781e-39 5.78319 
0.895134 -0.489014 5.78319 
0.976107 -0.528128 5.93319 
2.07517 -0.929319 5.93319 
2.48088 -1.44057 4.78319 
2.51271 -1.88945 4.78319 
2.48791 -2.12658 4.38319 
2.48791 -2.12658 4.38319 
2.48791 -2.12658 4.38319 
2.48791 -2.12658 4.38319 
1.75081 -4.28414 4.38319 
1.75081 -4.28414 4.38319 
1.75081 -4.28414 4.38319 
1.75081 -4.28414 4.38319 
1.75081 -4.28414 5.98319 
1.75081 -4.28414 5.98319 
1.75081 -4.28414 5.98319 
1.75081 -4.28414 5.98319 
1.75081 -4.28414 4.13319 
1.75081 -4.28414 4.13319 
1.75081 -4.28414 4.13319 
