2.3 0 0.785398 
2.3 0 0.785398 
2.3 0 1.6854 
2.21424 0.74508 1.6854 
2.23707 1.01186 1.2354 
2.44444 1.60676 1.2354 
2.43127 1.56898 1.2354 
2.31123 1.3879 0.685398 
2.22809 1.33279 0.435398 
2.5817 1.49728 0.435398 
2.85057 1.72856 1.0354 
2.85057 1.72856 1.0354 
2.85057 1.72856 3.0854 
2.85057 1.72856 3.0854 
2.85057 1.72856 3.0854 
2.85057 1.72856 3.0854 
2.85057 1.72856 2.7354 
2.6301 1.82339 2.7354 
2.37189 2.02222 2.1854 
1.93941 2.63497 2.1854 
1.84579 2.82177 1.8354 
1.57119 3.83523 1.8354 
1.43156 4.09726 2.3354 
1.05774 4.48696 2.3354 
0.692953 4.67743 3.0354 
-1.00741 4.85868 3.0354 
-1.00741 4.85868 3.0354 
-1.00741 4.85868 4.4354 
-1.56528 2.89644 4.4354 
-1.56528 2.89644 4.4354 
-1.56528 2.89644 4.1354 
-1.56528 2.89644 5.1354 
-1.56528 2.89644 5.1354 
-1.5037 2.75966 5.1354 
-1.33129 2.37668 5.1354 
-1.33129 2.37668 5.1354 
-1.42981 2.59552 5.1354 
-1.42981 2.59552 5.1354 
-1.42981 2.59552 5.1354 
