0 0 0 
0 0 0 
0.27 0 0 
0.532418 -0.0531948 5.83319 
0.937619 -0.248929 5.83319 
1.73986 -0.000767165 1.1 
2.24335 0.988473 1.1 
2.31472 1.30645 1.65 
2.29336 1.57561 1.65 
2.29074 1.66549 1.5 
2.3162 2.02459 1.5 
2.3162 2.02459 1.5 
2.3162 2.02459 1.5 
2.3162 2.02459 1.5 
2.52417 4.95723 1.5 
2.52417 4.95723 1.5 
2.52417 4.95723 1.5 
2.52417 4.95723 1.5 
2.52417 4.95723 3.1 
2.52417 4.95723 3.1 
2.52417 4.95723 3.1 
2.52417 4.95723 3.1 
-1.34248 5.11814 3.1 
-1.34248 5.11814 3.1 
-1.34248 5.11814 3.1 
-1.34248 5.11814 3.1 
-1.34248 5.11814 4.75 
-1.34248 5.11814 4.75 
-1.34248 5.11814 4.75 
-1.34248 5.11814 4.75 
-1.35226 5.37796 4.75 
-1.35226 5.37796 4.75 
-1.34324 5.13813 4.75 
-1.39855 4.84641 4.25 
-1.34144 4.19624 5.4 
-1.34144 4.19624 5.4 
-1.34144 4.19624 5.75 
-1.34144 4.19624 4.9 
-1.17918 3.34151 4.9 
-1.17132 3.13271 4.55 
-1.17132 3.13271 4.55 
-1.17132 3.13271 4.8 
-1.13982 2.77409 4.8 
-1.13982 2.77409 4.8 
-1.13982 2.77409 4.8 
