2.5 2 1.5708 
2.5 2.27 1.5708 
2.5 2.54 1.5708 
2.5 2.81 1.5708 
2.5 3.08 1.5708 
2.5 3.35 1.5708 
2.5 3.62 1.5708 
2.5 3.89 1.5708 
2.5 4.16 1.5708 
2.5 4.43 1.5708 
2.5 4.7 1.5708 
2.5 4.97 1.5708 
2.5 5.24 1.5708 
2.5 5.51 1.5708 
2.5 5.78 1.5708 
2.5 6.05 1.5708 
2.5 6.11 1.0208 
2.5 6.11 0.470796 
2.5 6.11 6.20398 
2.76915 6.08864 6.20398 
3.03831 6.06728 6.20398 
3.30746 6.04591 6.20398 
3.57661 6.02455 6.20398 
3.84594 6.00768 0.0707963 
4.10726 6.07095 0.320796 
4.36349 6.15609 0.320796 
4.61971 6.24123 0.320796 
4.87594 6.32636 0.320796 
