2.3 0 0.785398 
2.3 0 0.785398 
2.3 0 1.7854 
2.15306 0.674172 1.7854 
2.13639 0.792819 1.5854 
2.13288 1.03279 1.5854 
2.34115 1.51146 0.685398 
2.61985 1.73933 0.685398 
2.84941 2.26693 1.6854 
2.82883 2.44575 1.6854 
2.82883 2.44575 1.6854 
2.82883 2.44575 1.6854 
2.82883 2.44575 1.0854 
3.03878 2.84377 1.0854 
1.98916 3.42564 4.2354 
1.89275 3.23908 4.2354 
1.83092 3.07074 4.5354 
1.80451 2.92308 4.5354 
1.58343 2.54315 3.7854 
1.58343 2.54315 3.7854 
1.58343 2.54315 4.0354 
1.58343 2.54315 4.0354 
1.58343 2.54315 4.0354 
