1.57383 2.10132 3.19956 
1.57383 2.10132 3.19956 
1.57383 2.10132 1.79956 
1.57383 2.10132 1.79956 
1.39015 2.89022 1.79956 
1.49193 3.40221 0.899556 
2.51816 4.69425 0.899556 
1.55004 4.75925 5.29956 
2.41429 3.46052 5.29956 
2.52321 3.123 4.69956 
2.5005 1.35315 4.69956 
2.5005 1.35315 4.69956 
2.5005 1.35315 1.94956 
2.35629 1.71551 1.94956 
2.31127 1.88911 1.64956 
2.31127 1.88911 1.64956 
2.31127 1.88911 1.44956 
2.31127 1.88911 1.44956 
2.31127 1.88911 1.44956 
2.31127 1.88911 1.44956 
2.31127 1.88911 3.19956 
2.31127 1.88911 3.19956 
1.86202 1.86304 3.19956 
1.86202 1.86304 3.19956 
1.86202 1.86304 3.04956 
1.86202 1.86304 3.04956 
1.74253 1.87407 3.04956 
1.74253 1.87407 3.04956 
1.74253 1.87407 3.04956 
