5.17354 3.75293 5.45 
5.17354 3.75293 5.45 
5.17354 3.75293 3.6 
2.59087 2.47847 3.6 
2.33201 2.41005 3.15 
2.33201 2.41005 3.15 
2.33201 2.41005 4.75 
2.39292 0.791194 4.75 
2.39292 0.791194 4.75 
2.39292 0.791194 3.5 
2.39292 0.791194 3.5 
2.39292 0.791194 3.5 
2.39292 0.791194 3.5 
-0.163603 -0.166444 3.5 
-0.163603 -0.166444 3.5 
-0.163603 -0.166444 3.5 
-0.163603 -0.166444 3.5 
-0.163603 -0.166444 5.25 
-0.163603 -0.166444 5.25 
-0.163603 -0.166444 5.25 
-0.163603 -0.166444 5.25 
-0.163603 -0.166444 3.55 
-0.163603 -0.166444 3.55 
-0.163603 -0.166444 3.55 
