-1.31517 3.78267 3.73319 
-1.31517 3.78267 3.73319 
-1.31517 3.78267 6.03319 
-1.31517 3.78267 6.03319 
-1.31517 3.78267 6.03319 
-1.31517 3.78267 6.03319 
-1.31517 3.78267 5.13319 
-1.09458 3.28978 5.13319 
-1.062 3.20596 4.98319 
-0.989773 2.9458 4.98319 
-0.989773 2.9458 4.98319 
-0.989773 2.9458 4.68319 
-0.995905 2.73589 4.68319 
-0.995905 2.73589 4.68319 
-0.995905 2.73589 4.68319 
2.00751 1.90418 1.7 
1.99205 2.02318 1.7 
1.99205 2.02318 1.7 
1.99205 2.02318 1.7 
1.99205 2.02318 1.7 
1.99205 2.02318 3.15 
1.84206 2.02192 3.15 
1.84206 2.02192 3.15 
1.72206 2.02091 3.15 
1.72206 2.02091 3.15 
1.80206 2.02158 3.15 
1.80206 2.02158 3.15 
1.80206 2.02158 3.15 
