onebedroom_mug.txt:
 move about halfway in the obj is in the living room to the left of the couch on the table to the far right wall on the table against the left wall against the left wall
onebedroom_glassescase.txt:
 move about halfway in the obj is in the living room at the back beside chairs on the table on the table in front of the couch to the far right wall
twobedrooms_statue.txt:
 move about halfway in the obj is in the bedroom on the table to the right of the bed on the table to the far right wall against the left wall against the left wall
twobedrooms_laptop.txt:
 move about halfway in the obj is in the meeting room to the far right wall
twobedrooms_mug.txt:
 move about halfway in the obj is in the living room at the back to the far right wall
hkstudio_fork.txt:
 move about halfway in the obj is at the back beside chairs on the table to the far right wall in the studio room
twobedrooms_glassescase.txt:
 move about halfway in the obj is in the living room at the back beside chairs on the table to the far right wall
onebedroom_monitor.txt:
 move about halfway in the obj is in the bedroom to the far right wall against the left wall against the left wall on the table
apartment_glassescase.txt:
 move about halfway in the obj is in the living room to the far right wall
hkstudio_mug.txt:
 move about halfway in the obj is on the table in front of the couch at the back to the far right wall in the office
twobedrooms_monitor.txt:
 move about halfway in the obj is on the table beside chairs on the table to the far right wall against the left wall against the left wall in the office
apartment_fork.txt:
 move about halfway in the obj is in the living room to the far right wall against the left wall
apartment_monitor.txt:
 move about halfway in the obj is in the bedroom on the table to the left of the bed to the far right wall
hkstudio_statue.txt:
 move about halfway in the obj is to the far right wall in the studio room
onebedroom_fork.txt:
 move about halfway in the obj is in the meeting room to the far right wall
apartment_statue.txt:
 move about halfway in the obj is in the bedroom on the table to the right of the bed to the far right wall
onebedroom_statue.txt:
 move about halfway in the obj is in the bedroom on the table to the right of the bed to the far right wall
