onebedroom_mug.txt:
 move about halfway in the obj is in the living room to the left of the couch on the table to the far right wall
onebedroom_glassescase.txt:
 move about halfway in the obj is in the living room on the table beside chairs on the table in front of the couch to the far right wall
twobedrooms_statue.txt:
 move about halfway in the obj is in the bedroom on the table to the right of the bed to the far right wall
twobedrooms_laptop.txt:
 move about halfway in the obj is in the meeting room to the far right wall
twobedrooms_mug.txt:
 move about halfway in the obj is in the living room at the back to the far right wall
hkstudio_fork.txt:
 move about halfway in the obj is on the table beside chairs to the far right wall in the studio room
twobedrooms_glassescase.txt:
 move about halfway in the obj is in the living room on the table beside chairs to the far right wall
onebedroom_monitor.txt:
 move about halfway in the obj is in the bedroom to the far right wall against the left wall against the left wall on the table
apartment_glassescase.txt:
 move about halfway in the obj is in the living room to the far right wall
hkstudio_mug.txt:
 move about halfway in the obj is on the table in front of the couch to the far right wall in the office
twobedrooms_monitor.txt:
 move about halfway in the obj is on the table beside chairs to the far right wall in the office
apartment_mug.txt:
 the obj is at the back in the bedroom beside chairs on the table to the right of the chair on the table move about halfway in
hkstudio_monitor.txt:
 move about halfway in the obj is at the back beside chairs on the table to the right of the chair on the table to the far right wall in the studio room
apartment_fork.txt:
 move about halfway in the obj is in the living room to the far right wall
apartment_monitor.txt:
 the obj is in the bedroom to the left of the bed on the table
hkstudio_statue.txt:
 move about halfway in the obj is to the far right wall in the studio room
onebedroom_fork.txt:
 move about halfway in the obj is in the meeting room to the far right wall
apartment_laptop.txt:
 move about halfway in the obj is in the living room on the table beside chairs on the table to the left of the chair to the far right wall
hkstudio_laptop.txt:
 move about halfway in the obj is in the meeting room at the back beside chairs on the table to the left of the chair on the table to the far right wall
apartment_statue.txt:
 the obj is on the table in the bedroom to the right of the bed to the far right wall
twobedrooms_fork.txt:
 move about halfway in the obj is on the table beside chairs on the table to the left of the chair to the far right wall in the office
onebedroom_laptop.txt:
 move about halfway in the obj is on the table beside chairs to the far right wall in the office
hkstudio_glassescase.txt:
 move about halfway in the obj is on the table beside chairs on the table to the left of the chair to the far right wall in the office
onebedroom_statue.txt:
 move about halfway in the obj is in the bedroom on the table to the right of the bed to the far right wall
