1.2786 2.65176 4.33319 
-1.12413 4.08416 4.33319 
-1.12413 4.08416 3.98319 
-1.12413 4.08416 4.58319 
-1.12413 4.08416 4.58319 
-1.12413 4.08416 4.58319 
-1.12413 4.08416 4.58319 
-1.2053 3.45941 4.58319 
-1.2393 3.3137 4.33319 
-1.28703 3.05023 4.78319 
-1.56225 2.48654 3.68319 
-1.74219 2.37828 3.68319 
-1.74219 2.37828 3.68319 
-1.74219 2.37828 4.73319 
-1.73346 1.95837 4.73319 
-1.73346 1.95837 4.73319 
-1.73346 1.95837 7.63278e-16 
-1.73346 1.95837 7.63278e-16 
-1.73346 1.95837 7.63278e-16 
1.22375 4.03766 7.63278e-16 
1.22375 4.03766 4.78319 
1.25558 3.58879 4.78319 
1.25558 3.58879 4.78319 
1.25558 3.58879 4.48319 
1.25558 3.58879 5.53319 
2.33117 2.58678 5.53319 
2.50362 2.4688 5.88319 
2.50362 2.4688 5.88319 
2.50362 2.4688 5.43319 
2.50362 2.4688 5.43319 
2.50362 2.4688 5.43319 
2.50362 2.4688 5.43319 
2.50362 2.4688 3.53319 
2.11542 2.3085 3.53319 
1.91253 2.25851 3.18319 
1.91253 2.25851 3.18319 
1.91253 2.25851 3.38319 
1.91253 2.25851 3.38319 
1.76689 2.22262 3.38319 
1.76689 2.22262 3.38319 
1.76689 2.22262 3.38319 
