0 0 0 
0 0 0 
1.62 0 0 
2.2287 -0.512698 4.83319 
2.40584 -1.97199 4.83319 
2.40584 -1.97199 4.83319 
2.40584 -1.97199 4.83319 
2.40584 -1.97199 4.83319 
2.72035 -4.56297 4.83319 
2.72035 -4.56297 4.83319 
2.72035 -4.56297 4.83319 
2.72035 -4.56297 4.83319 
2.73842 -4.71187 4.83319 
2.74391 -4.83156 4.63319 
2.59912 -6.65582 4.63319 
2.59912 -6.65582 4.63319 
2.59912 -6.65582 4.63319 
2.59912 -6.65582 4.63319 
2.59912 -6.65582 3.01637 
2.59912 -6.65582 3.01637 
2.59912 -6.65582 2.56637 
2.59912 -6.65582 3.71637 
2.59912 -6.65582 3.71637 
2.44804 -6.75368 3.71637 
2.44804 -6.75368 3.71637 
2.44804 -6.75368 3.71637 
