-1 105 201 202 
-1 105 201 202 
-1 105 106 201 202 
-1 105 106 201 202 
-1 105 106 201 202 
-1 105 106 201 202 
-1 105 106 201 202 
-1 105 106 201 202 
-1 105 106 201 202 
-1 105 106 201 202 
-1 105 106 201 202 
-1 105 106 201 202 
-1 105 106 201 202 
-1 105 106 201 202 
-1 105 106 201 202 
-1 105 106 201 202 
-1 105 106 201 202 
-1 105 106 201 202 
-1 105 106 201 202 
-1 105 106 201 202 
-1 105 106 201 202 
-1 105 106 201 202 
-1 105 106 201 202 
-1 105 106 201 202 
-1 105 106 201 202 
-1 105 106 201 202 
-1 103 104 105 106 201 202 
-1 103 104 105 106 201 202 
-1 101 103 104 105 106 201 202 
-1 101 103 104 105 106 201 202 
-1 101 103 104 105 106 201 202 
-1 101 103 104 105 106 201 202 
-1 101 103 104 105 106 201 202 
-1 101 103 104 105 106 201 202 
-1 101 103 104 105 106 201 202 
-1 101 103 104 105 106 201 202 
-1 101 103 104 105 106 201 202 
-1 101 103 104 105 106 201 202 
-1 101 103 104 105 106 201 202 
-1 101 103 104 105 106 201 202 
-1 101 103 104 105 106 201 202 
-1 101 103 104 105 106 201 202 
-1 101 103 104 105 106 201 202 
-1 101 103 104 105 106 201 202 
-1 101 103 104 105 106 201 202 
-1 101 103 104 105 106 201 202 
