-1.18758 3.28373 4.63319 
-1.18758 3.28373 4.63319 
-1.18758 3.28373 5.28319 
-0.976866 2.95556 5.28319 
-1.20379 3.30898 5.28319 
-1.24789 3.67222 4.33319 
-1.34783 3.4214 4.33319 
-1.0813 4.09025 4.33319 
-0.997653 4.22541 3.93319 
-0.88797 4.41295 4.48319 
-0.787798 4.60574 3.93319 
-1.06186 4.32827 3.93319 
-0.893205 4.49902 3.93319 
-0.905426 5.08659 5.58319 
-0.0335056 4.35219 5.58319 
-0.0335056 4.35219 5.58319 
-0.0335056 4.35219 5.18319 
-0.0335056 4.35219 5.58319 
-0.0335056 4.35219 3.88319 
-0.0335056 4.35219 3.88319 
-0.0335056 4.35219 3.88319 
-0.0335056 4.35219 3.88319 
-1.02899 3.44031 3.88319 
-1.20886 2.81292 5.03319 
-1.20886 2.81292 5.03319 
-1.20886 2.81292 5.03319 
4.9366 5.86254 5.03319 
4.9366 5.86254 4.53319 
4.9366 5.86254 5.33319 
4.9366 5.86254 3.68319 
3.52273 5.01196 3.68319 
3.30887 4.806 4.18319 
3.0514 4.36576 4.18319 
2.92014 4.20318 3.83319 
2.92014 4.20318 3.83319 
2.57354 3.91619 3.83319 
2.57354 3.91619 3.83319 
2.89704 4.18405 3.83319 
2.89704 4.18405 3.83319 
2.89704 4.18405 3.83319 
2.89704 4.18405 3.83319 
2.57354 3.91619 3.83319 
2.50723 3.85545 3.98319 
1.48783 2.71452 3.98319 
1.48783 2.71452 3.98319 
1.48783 2.71452 3.98319 
