0 0 0 
0 0 0 
1.59 0 0 
1.95609 -0.113246 5.63319 
2.14716 -0.258491 5.63319 
2.39337 -0.687724 4.78319 
2.47613 -1.85479 4.78319 
2.47613 -1.85479 4.78319 
2.47613 -1.85479 4.78319 
2.47613 -1.85479 4.78319 
2.52494 -2.54306 4.78319 
2.43788 -2.91625 4.13319 
1.69894 -4.04607 4.13319 
1.53569 -4.21984 3.73319 
1.03766 -4.55445 3.73319 
1.03766 -4.55445 3.73319 
1.03766 -4.55445 3.73319 
1.03766 -4.55445 3.73319 
1.03766 -4.55445 2.28319 
1.03766 -4.55445 3.45 
1.03766 -4.55445 3.45 
0.0943676 -4.85495 3.45 
0.0943676 -4.85495 3.45 
0.0943676 -4.85495 3.2 
0.0943676 -4.85495 3.2 
0.0943676 -4.85495 3.2 
