-1 201 202 
-1 201 202 
-1 201 202 
-1 201 202 
-1 201 202 
-1 201 202 
-1 201 202 
-1 201 202 
-1 201 202 
-1 201 202 
-1 201 202 
-1 108 201 202 
-1 108 201 202 
-1 108 201 202 
-1 108 201 202 
-1 106 108 201 202 
-1 106 108 201 202 
-1 106 108 201 202 
-1 106 108 201 202 
-1 106 108 201 202 
-1 106 108 201 202 
-1 105 106 108 201 202 
-1 105 106 108 201 202 
-1 105 106 108 201 202 
-1 105 106 108 201 202 
-1 104 105 106 108 201 202 
-1 104 105 106 108 201 202 
-1 104 105 106 108 201 202 
-1 104 105 106 108 201 202 
-1 104 105 106 108 201 202 
-1 104 105 106 108 201 202 
-1 104 105 106 108 201 202 
-1 101 103 104 105 106 108 201 202 
-1 101 103 104 105 106 108 201 202 
-1 101 103 104 105 106 108 201 202 
-1 101 103 104 105 106 108 201 202 
-1 101 103 104 105 106 108 201 202 
-1 101 103 104 105 106 108 201 202 
