3.28435 5.94316 6.1 
2.54505 1.9232 6.1 
2.54505 1.9232 1.31681 
2.54505 1.9232 1.31681 
2.54505 1.9232 1.31681 
2.54505 1.9232 1.31681 
2.77872 2.82337 1.31681 
2.77872 2.82337 1.31681 
2.77872 2.82337 1.66681 
2.57452 4.94356 1.66681 
2.57452 4.94356 1.66681 
2.57452 4.94356 3.31681 
2.57452 4.94356 3.31681 
2.57452 4.94356 3.31681 
2.57452 4.94356 3.31681 
1.42243 4.73959 3.31681 
1.42243 4.73959 3.31681 
1.42243 4.73959 3.31681 
1.42243 4.73959 3.31681 
-1.11806 4.28983 3.31681 
-1.11806 4.28983 3.31681 
-1.11806 4.28983 4.86681 
-1.04423 3.81554 4.86681 
-1.04423 3.81554 4.86681 
-1.04423 3.81554 4.86681 
3.16056 4.55485 4.86681 
3.16056 4.55485 6.21681 
3.16056 4.55485 6.21681 
3.16056 4.55485 6.21681 
3.16056 4.55485 6.21681 
3.42996 4.53694 6.21681 
3.54858 4.52006 6.01681 
5.45875 3.99886 6.01681 
5.60631 3.97408 6.26681 
5.60631 3.97408 6.26681 
5.60631 3.97408 0.433629 
5.60631 3.97408 0.433629 
5.60631 3.97408 0.433629 
