0 0 0 
0 0 0 
0 0 5.83319 
2.18809 -1.05697 5.83319 
2.18809 -1.05697 5.83319 
2.18809 -1.05697 4.78319 
2.25175 -1.95471 4.78319 
2.25175 -1.95471 4.78319 
2.25175 -1.95471 4.78319 
2.25175 -1.95471 4.78319 
2.42576 -4.40855 4.78319 
2.42576 -4.40855 4.78319 
2.42576 -4.40855 4.78319 
2.42576 -4.40855 4.78319 
2.42576 -4.40855 3.18319 
2.42576 -4.40855 3.18319 
2.42576 -4.40855 3.18319 
2.42576 -4.40855 3.18319 
0.177709 -4.50211 3.18319 
0.177709 -4.50211 3.18319 
0.177709 -4.50211 3.18319 
0.177709 -4.50211 3.18319 
0.177709 -4.50211 1.38319 
0.177709 -4.50211 1.38319 
0.177709 -4.50211 1.73319 
-0.127859 -2.63697 1.73319 
-0.127859 -2.63697 1.73319 
-0.108458 -2.75539 1.73319 
-0.108458 -2.75539 1.73319 
-0.108458 -2.75539 1.73319 
