-1.38087 3.8422 5.18319 
-1.38087 3.8422 5.18319 
-1.45344 3.9848 5.18319 
-1.45344 3.9848 5.18319 
-1.45344 3.9848 5.18319 
-1.45344 3.9848 5.18319 
-1.45344 3.9848 5.38319 
-1.30426 3.7968 5.38319 
-1.16752 3.46956 4.78319 
-1.15267 3.26008 4.78319 
-1.12724 3.11263 5.03319 
-1.0894 2.99876 5.03319 
-1.0894 2.99876 5.03319 
-1.03264 2.82794 5.03319 
-1.03264 2.82794 5.03319 
-1.03264 2.82794 4.83319 
-1.03264 2.82794 4.83319 
-1.01095 2.64925 4.83319 
-1.01095 2.64925 4.83319 
-1.01095 2.64925 4.18319 
-1.01095 2.64925 4.18319 
-1.01095 2.64925 4.63319 
-1.01095 2.64925 4.63319 
-1.00462 2.729 4.63319 
-1.00462 2.729 4.63319 
-1.00462 2.729 4.63319 
1.12088 3.51451 4.63319 
1.12721 3.59426 4.63319 
1.12721 3.59426 4.63319 
1.12721 3.59426 4.63319 
1.12721 3.59426 4.63319 
1.06312 2.7868 4.63319 
1.06312 2.7868 4.63319 
1.04888 2.60736 4.63319 
1.04888 2.60736 4.63319 
1.05363 2.66717 4.63319 
1.05363 2.66717 4.63319 
1.05363 2.66717 4.63319 
