2.37137 4.6479 1.55 
2.41758 2.43 1.55 
2.41758 2.43 1.8 
2.41758 2.43 1.8 
2.41758 2.43 1.8 
2.41758 2.43 1.8 
2.41758 2.43 1.7 
2.37119 2.78699 1.7 
2.37119 4.54284 1.7 
2.37119 4.54284 1.7 
2.37119 4.54284 1.7 
2.37119 4.54284 3.2 
2.37119 4.54284 3.2 
2.37119 4.54284 3.2 
-0.447401 4.58905 3.2 
-0.597145 4.58029 3.2 
-0.597145 4.58029 3.2 
-0.597145 4.58029 3.2 
-0.597145 4.58029 3.2 
-0.597145 4.58029 3.05 
-0.597145 4.58029 3.05 
-0.597145 4.58029 6.28319 
-0.597145 4.58029 6.28319 
0.362855 4.58029 6.28319 
0.362855 4.58029 6.28319 
0.362855 4.58029 6.28319 
5.63039 4.6265 6.28319 
5.63039 4.6265 6.28319 
