2.3 0 0.785398 
2.3 0 0.785398 
2.3 0 1.2354 
2.38887 0.254955 1.2354 
2.41028 0.60897 1.8354 
2.2769 1.10122 1.8354 
2.25961 1.36842 1.3854 
2.3481 1.84019 1.3854 
2.62151 2.25263 0.535398 
2.62151 2.25263 0.535398 
2.87953 2.40569 0.535398 
2.87953 2.40569 0.535398 
2.87953 2.40569 0.535398 
2.87953 2.40569 0.535398 
5.0727 3.70666 0.535398 
5.0727 3.70666 0.535398 
5.0727 3.70666 1.3354 
5.0727 3.70666 0.485398 
5.0727 3.70666 0.485398 
5.0727 3.70666 0.485398 
5.0727 3.70666 0.485398 
5.0727 3.70666 2.2354 
5.0727 3.70666 2.2354 
5.0727 3.70666 2.2354 
5.0727 3.70666 2.2354 
5.0727 3.70666 0.485398 
5.0727 3.70666 0.485398 
5.0727 3.70666 0.485398 
