-1 109 111 201 202 
-1 109 111 201 202 
-1 109 111 201 202 
-1 109 111 201 202 
-1 109 111 201 202 
-1 109 110 111 201 202 
-1 109 110 111 201 202 
-1 109 110 111 201 202 
-1 109 110 111 116 201 202 
-1 109 110 111 116 201 202 
-1 109 110 111 115 116 201 202 
-1 109 110 111 115 116 201 202 
-1 109 110 111 115 116 201 202 
-1 109 110 111 115 116 201 202 
-1 109 110 111 115 116 201 202 
-1 109 110 111 115 116 201 202 
-1 109 110 111 115 116 201 202 
-1 109 110 111 115 116 201 202 
-1 109 110 111 115 116 201 202 
-1 109 110 111 115 116 201 202 
-1 109 110 111 115 116 201 202 
-1 109 110 111 115 116 201 202 
-1 109 110 111 115 116 201 202 
-1 109 110 111 115 116 201 202 
-1 109 110 111 115 116 201 202 
-1 109 110 111 115 116 201 202 
-1 109 110 111 115 116 201 202 
-1 109 110 111 115 116 201 202 
-1 109 110 111 115 116 201 202 
-1 109 110 111 115 116 201 202 
-1 109 110 111 115 116 201 202 
-1 109 110 111 115 116 201 202 
-1 109 110 111 115 116 201 202 
-1 109 110 111 115 116 201 202 
-1 109 110 111 115 116 201 202 
-1 109 110 111 115 116 201 202 
-1 109 110 111 115 116 201 202 
-1 109 110 111 115 116 201 202 
-1 109 110 111 115 116 201 202 
-1 109 110 111 115 116 201 202 
