1.23099 -4.3782 3.24956 
1.23099 -4.3782 3.24956 
1.23099 -4.3782 3.54956 
1.23099 -4.3782 3.04956 
1.23099 -4.3782 4.09956 
0.678807 -5.1635 4.09956 
0.585514 -5.35047 4.44956 
0.585514 -5.35047 4.44956 
0.668655 -5.04146 4.44956 
0.713872 -4.93078 4.14956 
0.780735 -4.72406 4.69956 
0.780735 -4.72406 4.69956 
0.780735 -4.72406 4.69956 
0.780735 -4.72406 4.69956 
0.780735 -4.72406 3.24956 
0.780735 -4.72406 3.24956 
0.780735 -4.72406 3.74956 
0.534491 -4.89542 3.74956 
0.375659 -4.97871 3.44956 
0.375659 -4.97871 3.44956 
0.375659 -4.97871 3.04956 
0.375659 -4.97871 3.04956 
0.196421 -4.96216 3.04956 
0.196421 -4.96216 3.04956 
0.196421 -4.96216 3.29956 
0.196421 -4.96216 3.29956 
0.0779152 -4.98104 3.29956 
0.0779152 -4.98104 3.29956 
0.0779152 -4.98104 2.99956 
0.0779152 -4.98104 2.99956 
0.0779152 -4.98104 3.09956 
0.0779152 -4.98104 3.09956 
0.0779152 -4.98104 4.04956 
0.127143 -4.91798 4.04956 
0.127143 -4.91798 4.04956 
0.127143 -4.91798 3.49956 
0.127143 -4.91798 3.49956 
0.127143 -4.91798 3.39956 
0.127143 -4.91798 3.39956 
0.127143 -4.91798 3.39956 
