2.3 0 0.785398 
2.3 0 0.785398 
2.3 0 1.7854 
2.14667 0.703484 1.7854 
2.12956 0.852128 1.5354 
2.18477 2.41115 1.5354 
2.18477 2.41115 1.5354 
2.18477 2.41115 2.5854 
1.98094 2.53786 2.5854 
1.98094 2.53786 2.5854 
1.98094 2.53786 3.6854 
1.98094 2.53786 3.6854 
1.98094 2.53786 3.6854 
1.98094 2.53786 3.6854 
1.98094 2.53786 2.0854 
1.44938 3.47799 2.0854 
1.38126 3.64389 1.7854 
1.27265 4.14219 1.7854 
0.732013 4.62719 3.0854 
-1.6642 4.76198 3.0854 
-1.6642 4.76198 3.0854 
-1.6642 4.76198 2.6854 
-1.6642 4.76198 4.4354 
-1.72163 4.55999 4.4354 
-1.82576 4.3455 4.0354 
-1.95592 3.83998 4.9354 
-1.86966 3.45963 4.9354 
-1.8085 3.29104 5.2354 
-1.74856 3.18708 5.2354 
-1.66357 2.93317 4.7854 
-1.6023 2.09541 4.7854 
-1.6023 2.09541 4.7854 
-1.6023 2.09541 5.7354 
-1.68766 2.14749 5.7354 
-1.68766 2.14749 5.7354 
-1.68766 2.14749 6.1854 
-1.68766 2.14749 6.1854 
-1.68766 2.14749 6.1854 
