-1 112 114 201 202 
-1 112 114 201 202 
-1 112 114 201 202 
-1 112 114 201 202 
-1 112 114 201 202 
-1 112 114 201 202 
-1 112 114 115 116 201 202 
-1 112 114 115 116 201 202 
-1 109 111 112 114 115 116 201 202 
-1 109 111 112 114 115 116 201 202 
-1 109 111 112 114 115 116 201 202 
-1 109 111 112 114 115 116 201 202 
-1 109 111 112 114 115 116 201 202 
-1 109 111 112 114 115 116 201 202 
-1 109 111 112 114 115 116 201 202 
-1 109 111 112 114 115 116 201 202 
-1 109 111 112 114 115 116 201 202 
-1 109 111 112 114 115 116 201 202 
-1 109 111 112 114 115 116 201 202 
-1 109 111 112 114 115 116 201 202 
-1 109 111 112 114 115 116 201 202 
-1 109 111 112 114 115 116 201 202 
-1 109 111 112 114 115 116 201 202 
-1 109 111 112 114 115 116 201 202 
-1 109 111 112 114 115 116 201 202 
-1 109 111 112 114 115 116 201 202 
-1 109 111 112 114 115 116 201 202 
-1 109 111 112 114 115 116 201 202 
-1 109 111 112 114 115 116 201 202 
-1 109 111 112 114 115 116 117 201 202 
-1 109 111 112 114 115 116 117 201 202 
-1 109 111 112 114 115 116 117 201 202 
-1 109 111 112 114 115 116 117 201 202 
-1 109 111 112 114 115 116 117 201 202 
-1 109 111 112 114 115 116 117 201 202 
