1.63537 -2.18412 3.28319 
1.63537 -2.18412 3.28319 
1.63537 -2.18412 4.43319 
1.63537 -2.18412 4.43319 
1.63537 -2.18412 4.43319 
1.63537 -2.18412 4.43319 
0.982223 -4.46235 4.43319 
0.982223 -4.46235 4.43319 
0.982223 -4.46235 3.28319 
0.239728 -4.56819 3.28319 
0.239728 -4.56819 3.28319 
0.239728 -4.56819 3.43319 
0.239728 -4.56819 3.43319 
0.239728 -4.56819 3.43319 
0.239728 -4.56819 3.43319 
0.239728 -4.56819 6.13319 
0.239728 -4.56819 6.13319 
0.239728 -4.56819 6.13319 
0.239728 -4.56819 6.13319 
1.48558 -4.75648 6.13319 
1.72393 -4.75052 0.25 
2.33435 -4.59465 0.25 
2.57545 -4.47819 0.7 
2.57545 -4.47819 0.7 
2.57545 -4.47819 1.15 
2.57545 -4.47819 1.15 
2.57545 -4.47819 1.15 
2.57545 -4.47819 1.15 
2.57545 -4.47819 2.9 
0.218919 -4.01612 2.9 
0.218919 -4.01612 2.9 
0.218919 -4.01612 2.9 
-0.917102 -3.7362 2.9 
-0.917102 -3.7362 2.9 
-0.917102 -3.7362 2.9 
