1.05363 2.66717 4.63319 
0.0370837 4.2844 4.63319 
0.0370837 4.2844 5.03319 
0.0370837 4.2844 2.63319 
-0.408412 4.53266 2.63319 
-0.92861 4.57615 3.53319 
-1.10766 4.46844 3.88319 
-1.2811 4.35191 3.53319 
-1.36482 4.31896 3.58319 
-1.36482 4.31896 3.58319 
-1.36482 4.31896 3.18319 
-1.36482 4.31896 4.63319 
-1.36482 4.31896 4.63319 
-1.36482 4.31896 4.63319 
-1.36482 4.31896 4.63319 
-1.36482 4.31896 4.33319 
-1.36482 4.31896 5.03319 
-1.06211 3.40793 5.03319 
-1.02985 3.14213 4.58319 
-1.02985 3.14213 4.58319 
-1.02985 3.14213 4.73319 
-1.02985 3.14213 4.73319 
-1.02299 2.8122 4.73319 
-1.02299 2.8122 4.73319 
-1.02299 2.8122 4.73319 
3.1818 4.33701 4.73319 
3.1818 4.33701 4.73319 
3.1818 4.33701 4.73319 
3.1818 4.33701 4.13319 
2.3936 3.13188 4.13319 
2.3207 3.0368 3.93319 
1.68825 2.39648 3.93319 
1.68825 2.39648 3.93319 
1.68825 2.39648 3.73319 
1.68825 2.39648 3.73319 
1.68825 2.39648 3.73319 
