2.3 0 0.785398 
2.3 0 0.785398 
2.3 0 1.0854 
2.41197 0.212277 1.0854 
2.48798 0.52918 1.6354 
2.40083 1.87636 1.6354 
2.50678 2.27401 0.935398 
2.50678 2.27401 0.935398 
2.50678 2.27401 0.935398 
2.50678 2.27401 0.935398 
3.96679 4.25391 0.935398 
3.96679 4.25391 0.935398 
3.96679 4.25391 0.935398 
3.96679 4.25391 0.935398 
3.96679 4.25391 2.3854 
3.96679 4.25391 2.3854 
3.96679 4.25391 2.3854 
3.96679 4.25391 2.3854 
3.96679 4.25391 0.585398 
3.96679 4.25391 0.585398 
3.96679 4.25391 0.585398 
