2.5 0 0 
2.5 0 0 
2.5 0 4.68319 
2.44394 -1.91918 4.68319 
2.44394 -1.91918 4.68319 
2.44394 -1.91918 4.68319 
2.44394 -1.91918 4.68319 
2.44394 -1.91918 4.13319 
1.09744 -3.97795 4.13319 
0.958218 -4.13377 3.78319 
0.716612 -4.74007 4.93319 
0.716612 -4.74007 4.93319 
0.749463 -4.88643 4.93319 
0.749463 -4.88643 4.93319 
0.795454 -5.09133 4.93319 
0.742893 -4.85716 4.93319 
0.742893 -4.85716 4.93319 
0.742893 -4.85716 4.93319 
0.742893 -4.85716 4.93319 
0.742893 -4.85716 3.13319 
0.292908 -4.85338 3.13319 
0.292908 -4.85338 3.13319 
0.232911 -4.85287 3.13319 
0.232911 -4.85287 3.13319 
0.232911 -4.85287 3.13319 
