-1 110 201 202 
-1 109 110 111 112 114 201 202 
-1 109 110 111 112 114 201 202 
-1 109 110 111 112 114 201 202 
-1 109 110 111 112 114 201 202 
-1 109 110 111 112 114 201 202 
-1 109 110 111 112 114 201 202 
-1 109 110 111 112 114 201 202 
-1 109 110 111 112 114 117 201 202 
-1 109 110 111 112 114 117 201 202 
-1 109 110 111 112 114 117 201 202 
-1 109 110 111 112 114 117 201 202 
-1 109 110 111 112 113 114 117 201 202 
-1 109 110 111 112 113 114 117 201 202 
-1 109 110 111 112 113 114 117 201 202 
-1 109 110 111 112 113 114 117 201 202 
-1 109 110 111 112 113 114 117 201 202 
-1 109 110 111 112 113 114 117 201 202 
-1 109 110 111 112 113 114 117 201 202 
-1 109 110 111 112 113 114 117 201 202 
-1 109 110 111 112 113 114 117 201 202 
-1 109 110 111 112 113 114 117 201 202 
-1 109 110 111 112 113 114 117 201 202 
-1 109 110 111 112 113 114 117 201 202 
-1 109 110 111 112 113 114 117 201 202 
-1 109 110 111 112 113 114 117 201 202 
-1 109 110 111 112 113 114 117 201 202 
-1 109 110 111 112 113 114 117 201 202 
-1 109 110 111 112 113 114 117 201 202 
-1 109 110 111 112 113 114 117 201 202 
-1 109 110 111 112 113 114 117 201 202 
-1 109 110 111 112 113 114 117 201 202 
-1 109 110 111 112 113 114 117 201 202 
-1 109 110 111 112 113 114 117 201 202 
-1 109 110 111 112 113 114 117 201 202 
-1 109 110 111 112 113 114 117 201 202 
-1 109 110 111 112 113 114 117 201 202 
-1 109 110 111 112 113 114 117 201 202 
-1 109 110 111 112 113 114 117 201 202 
-1 109 110 111 112 113 114 117 201 202 
-1 109 110 111 112 113 114 117 201 202 
-1 109 110 111 112 113 114 117 201 202 
-1 109 110 111 112 113 114 117 201 202 
