-1.60625 -7.24799 1.48319 
-0.589705 -7.10937 1.48319 
-0.589705 -7.10937 1.83319 
-0.589705 -7.10937 1.83319 
-0.589705 -7.10937 1.53319 
-0.589705 -7.10937 1.53319 
-0.589705 -7.10937 1.53319 
-0.589705 -7.10937 1.53319 
-0.537814 -5.73034 1.53319 
-0.537814 -5.73034 1.53319 
-0.537814 -5.73034 1.53319 
0.016663 -3.9745 1.53319 
0.016663 -3.9745 2.73319 
0.016663 -3.9745 2.28319 
0.016663 -3.9745 2.28319 
0.016663 -3.9745 2.28319 
0.016663 -3.9745 2.28319 
0.016663 -3.9745 3.33319 
-0.660712 -4.10589 3.33319 
-0.660712 -4.10589 3.33319 
-0.660712 -4.10589 2.63319 
-0.660712 -4.10589 2.63319 
-0.817945 -4.01827 2.63319 
-0.817945 -4.01827 2.63319 
-0.817945 -4.01827 2.63319 
-0.540707 -5.6817 2.63319 
-0.540707 -5.6817 2.23319 
-0.540707 -5.6817 2.23319 
-0.540707 -5.6817 2.23319 
-0.540707 -5.6817 2.23319 
-0.540707 -5.6817 3.68319 
-0.772067 -5.82088 3.68319 
-0.772067 -5.82088 3.68319 
-0.772067 -5.82088 3.93319 
-0.772067 -5.82088 3.93319 
-0.877474 -5.92761 3.93319 
-0.877474 -5.92761 3.93319 
-0.722877 -5.77108 3.93319 
-0.828284 -5.8778 3.93319 
-0.828284 -5.8778 3.93319 
-0.891528 -5.94183 3.93319 
-0.891528 -5.94183 3.93319 
-0.891528 -5.94183 3.93319 
