2.3 0 0.785398 
2.3 0 0.785398 
2.3 0 1.7354 
2.25576 0.266351 1.7354 
2.2461 0.415664 1.4854 
2.3638 1.79063 1.4854 
2.36162 1.94024 1.7354 
2.25839 2.56173 1.7354 
2.25839 2.56173 1.7354 
2.25839 2.56173 1.7354 
2.25839 2.56173 1.7354 
2.1994 2.91686 1.7354 
2.11998 3.14167 2.1354 
1.65446 3.87665 2.1354 
1.0984 4.16699 3.2354 
-0.783291 3.98995 3.2354 
-1.03957 3.91241 3.6854 
-1.03957 3.91241 3.6854 
-1.03957 3.91241 4.8354 
-0.888652 2.69171 4.8354 
-0.888652 2.69171 4.8354 
-0.877609 2.60239 4.8354 
-0.877609 2.60239 4.8354 
-0.877609 2.60239 4.8354 
