1.48783 2.71452 3.98319 
-0.683876 4.56278 3.98319 
-0.683876 4.56278 4.33319 
-0.683876 4.56278 4.33319 
-0.683876 4.56278 4.33319 
-0.683876 4.56278 4.33319 
-1.17251 3.33655 4.33319 
-1.18535 2.89716 5.08319 
-1.18535 2.89716 5.08319 
-1.18535 2.89716 4.93319 
-1.18535 2.89716 4.93319 
-1.15907 2.78008 4.93319 
-1.15907 2.78008 4.93319 
-1.15907 2.78008 4.93319 
6.37258 2.13319 4.93319 
6.37258 2.13319 3.38319 
6.37258 2.13319 3.38319 
6.37258 2.13319 3.23319 
6.37258 2.13319 3.23319 
3.38516 1.85879 3.23319 
3.38516 1.85879 3.23319 
4.38097 1.95026 3.23319 
4.38097 1.95026 3.23319 
4.38097 1.95026 3.23319 
4.38097 1.95026 3.23319 
4.38097 1.95026 2.98319 
4.11435 1.99285 2.98319 
3.99495 2.00283 3.18319 
1.95671 1.91801 3.18319 
1.95671 1.91801 3.18319 
1.80684 1.91177 3.18319 
1.80684 1.91177 3.18319 
1.80684 1.91177 3.18319 
