0 0 0 
0 0 0 
1.02 0 0 
1.28242 0.0531948 0.45 
1.79567 0.301125 0.45 
1.94618 0.398659 0.75 
2.25349 0.684947 0.75 
2.45562 1.13662 1.6 
2.42671 2.12619 1.6 
2.42671 2.12619 1.6 
2.42671 2.12619 1.6 
2.42671 2.12619 1.6 
2.35926 4.43521 1.6 
2.35926 4.43521 1.6 
2.35926 4.43521 1.6 
2.35926 4.43521 1.6 
2.35926 4.43521 3.1 
2.35926 4.43521 3.1 
2.35926 4.43521 3.1 
2.35926 4.43521 3.1 
-0.967857 4.57367 3.1 
-0.967857 4.57367 3.1 
-0.967857 4.57367 3.1 
-0.967857 4.57367 3.1 
-0.967857 4.57367 4.7 
-0.967857 4.57367 4.7 
-0.967857 4.57367 4.7 
-0.967857 4.57367 4.7 
-0.967857 4.57367 4.3 
-0.967857 4.57367 5.5 
-0.967857 4.57367 5.85 
-0.967857 4.57367 4.65 
-0.967857 4.57367 4.65 
-1.07073 2.92688 4.65 
-1.07073 2.92688 4.65 
-1.07073 2.92688 4.65 
