-1 109 201 202 
-1 109 201 202 
-1 109 111 201 202 
-1 109 111 201 202 
-1 109 111 201 202 
-1 109 111 201 202 
-1 109 111 201 202 
-1 109 111 201 202 
-1 109 111 201 202 
-1 109 111 201 202 
-1 109 111 201 202 
-1 109 111 201 202 
-1 109 111 201 202 
-1 109 111 117 201 202 
-1 109 111 117 201 202 
-1 109 111 117 201 202 
-1 109 111 117 201 202 
-1 109 111 117 201 202 
-1 109 111 117 201 202 
-1 109 111 117 201 202 
-1 109 111 117 201 202 
-1 109 111 117 201 202 
-1 109 111 117 201 202 
-1 109 110 111 117 201 202 
-1 109 110 111 116 117 201 202 
-1 109 110 111 116 117 201 202 
-1 109 110 111 116 117 201 202 
-1 109 110 111 116 117 201 202 
-1 109 110 111 116 117 201 202 
-1 109 110 111 116 117 201 202 
-1 109 110 111 116 117 201 202 
-1 109 110 111 116 117 201 202 
