1.34988 -4.72979 3.23319 
1.34988 -4.72979 3.23319 
1.11089 -4.75174 3.23319 
1.11089 -4.75174 3.23319 
1.78804 -4.68955 3.23319 
1.78804 -4.68955 3.23319 
1.78804 -4.68955 3.23319 
1.78804 -4.68955 3.23319 
0.264454 -4.82949 3.23319 
0.264454 -4.82949 3.23319 
0.264454 -4.82949 3.33319 
0.264454 -4.82949 3.33319 
0.264454 -4.82949 3.33319 
1.41961 -3.35088 3.33319 
1.41961 -3.35088 3.13319 
1.41961 -3.35088 3.13319 
1.41961 -3.35088 3.13319 
1.41961 -3.35088 3.13319 
-0.650312 -3.33348 3.13319 
-0.650312 -3.33348 3.13319 
-0.650312 -3.33348 3.28319 
-0.650312 -3.33348 3.28319 
-0.650312 -3.33348 3.28319 
0.597262 -6.24449 3.28319 
0.597262 -6.24449 5.08319 
0.597262 -6.24449 5.08319 
0.597262 -6.24449 5.08319 
0.597262 -6.24449 5.08319 
0.597262 -6.24449 3.28319 
-0.739228 -6.435 3.28319 
-0.739228 -6.435 3.28319 
-0.739228 -6.435 3.28319 
