-1.61722 2.71468 3.15 
-1.61722 2.71468 3.15 
-1.61722 2.71468 3.48319 
-1.61722 2.71468 3.48319 
-1.61722 2.71468 3.48319 
-1.61722 2.71468 3.48319 
-1.61722 2.71468 5.38319 
-1.61722 2.71468 5.38319 
-1.54262 2.62068 5.38319 
-1.54262 2.62068 5.38319 
-1.54262 2.62068 5.38319 
0.952524 4.09928 5.38319 
0.952524 4.09928 4.88319 
0.952524 4.09928 4.88319 
0.952524 4.09928 4.88319 
0.952524 4.09928 4.88319 
1.15648 2.91674 4.88319 
1.16815 2.85791 4.98319 
1.16815 2.85791 4.98319 
1.16815 2.85791 4.63319 
1.16815 2.85791 4.63319 
1.15629 2.70838 4.63319 
1.15629 2.70838 4.63319 
1.16895 2.86788 4.63319 
1.16895 2.86788 4.63319 
1.16895 2.86788 4.63319 
