2.3 0 0.785398 
2.3 0 0.785398 
2.3 0 1.5854 
2.25839 2.8497 1.5854 
2.25839 2.8497 1.5854 
2.25839 2.8497 2.8354 
2.02955 2.92204 2.8354 
2.02955 2.92204 2.8354 
2.02955 2.92204 1.5854 
2.02955 2.92204 1.5854 
2.02955 2.92204 1.5854 
2.02955 2.92204 1.5854 
2.02692 3.10202 1.5854 
1.38564 3.7069 3.2354 
1.38564 3.7069 3.2354 
1.38564 3.7069 4.4354 
1.14772 2.87006 4.4354 
1.14772 2.87006 4.4354 
1.14772 2.87006 4.7854 
1.14772 2.87006 4.3354 
1.14772 2.87006 4.7854 
1.14772 2.87006 4.7854 
1.14772 2.87006 4.6354 
1.14772 2.87006 4.6354 
1.13619 2.72051 4.6354 
1.13619 2.72051 4.6354 
1.13619 2.72051 4.6354 
