0.0878821 -5.07205 3.14956 
0.0878821 -5.07205 3.14956 
0.46787 -5.06902 3.14956 
0.567039 -5.05827 3.39956 
0.741084 -5.01235 3.39956 
0.970118 -4.86132 4.09956 
0.642261 -5.3276 4.09956 
0.573239 -5.42576 4.09956 
0.224183 -5.69373 3.39956 
0.10637 -5.71553 3.19956 
0.10637 -5.71553 3.19956 
0.345967 -5.70163 3.19956 
0.641865 -5.55577 4.04956 
1.24088 -5.50596 2.34956 
1.13552 -5.39919 2.34956 
1.07291 -4.60582 0.899556 
2.24841 -3.12585 0.899556 
2.38529 -2.79867 1.49956 
2.94477 5.04139 1.49956 
2.85787 5.41462 2.14956 
2.67736 5.69088 2.14956 
2.57835 5.93966 1.69956 
2.57835 5.93966 1.69956 
2.50131 6.53469 1.69956 
2.51233 6.77286 1.29956 
2.51233 6.77286 1.29956 
2.51233 6.77286 1.29956 
2.51233 6.77286 1.29956 
2.51233 6.77286 2.89956 
2.2502 6.83758 2.89956 
2.13206 6.8575 3.09956 
1.8623 6.86884 3.09956 
1.8623 6.86884 3.09956 
1.7424 6.87389 3.09956 
1.7424 6.87389 3.09956 
1.35275 6.89028 3.09956 
1.47264 6.88523 3.09956 
1.47264 6.88523 3.09956 
1.47264 6.88523 3.09956 
