-1 201 202 
-1 201 202 
-1 201 202 
-1 201 202 
-1 201 202 
-1 109 111 201 202 
-1 109 111 201 202 
-1 109 111 201 202 
-1 109 111 201 202 
-1 109 111 201 202 
-1 109 111 201 202 
-1 109 111 201 202 
-1 109 111 117 201 202 
-1 109 111 117 201 202 
-1 109 111 117 201 202 
-1 109 111 117 201 202 
-1 109 111 117 201 202 
-1 109 111 117 201 202 
-1 109 110 111 117 201 202 
-1 109 110 111 113 117 201 202 
-1 109 110 111 113 117 201 202 
-1 109 110 111 113 114 117 201 202 
-1 109 110 111 113 114 117 201 202 
-1 109 110 111 113 114 117 201 202 
-1 109 110 111 113 114 117 201 202 
-1 109 110 111 113 114 117 201 202 
-1 109 110 111 113 114 117 201 202 
-1 109 110 111 113 114 117 201 202 
-1 109 110 111 113 114 117 201 202 
-1 109 110 111 113 114 117 201 202 
-1 109 110 111 113 114 117 201 202 
-1 109 110 111 113 114 117 201 202 
-1 109 110 111 113 114 117 201 202 
-1 109 110 111 113 114 117 201 202 
-1 109 110 111 113 114 117 201 202 
-1 109 110 111 113 114 117 201 202 
-1 109 110 111 113 114 117 201 202 
-1 109 110 111 113 114 117 201 202 
-1 109 110 111 113 114 117 201 202 
-1 109 110 111 113 114 117 201 202 
-1 109 110 111 113 114 117 201 202 
-1 109 110 111 113 114 117 201 202 
