0 0 0 
3.09266e-36 0 0 
3.10472e-36 -2.7603e-39 5.78319 
1.97456 -1.07871 5.78319 
2.13747 -2.02321 3.93319 
0.809337 -3.36789 3.93319 
0.809337 -3.36789 3.93319 
0.809337 -3.36789 3.93319 
0.809337 -3.36789 3.93319 
0.155814 -4.02956 3.93319 
0.0203614 -4.22578 4.33319 
0.0203614 -4.22578 4.33319 
0.0203614 -4.22578 3.28319 
0.0203614 -4.22578 4.23319 
0.0203614 -4.22578 4.23319 
-0.0349673 -4.33226 4.23319 
-0.0349673 -4.33226 4.23319 
-0.0349673 -4.33226 4.23319 
-0.0811738 -4.00882 4.23319 
-0.0811738 -4.00882 2.68319 
-0.0811738 -4.00882 2.68319 
-0.0811738 -4.00882 2.13319 
-0.0811738 -4.00882 2.13319 
-0.0811738 -4.00882 2.13319 
-0.0811738 -4.00882 2.13319 
-0.0811738 -4.00882 2.78319 
-0.81161 -3.7352 2.78319 
-0.81161 -3.7352 2.78319 
-0.81161 -3.7352 2.78319 
-0.81161 -3.7352 2.78319 
-0.38084 -3.89656 2.78319 
1.05156 -5.92965 2.78319 
1.05156 -5.92965 3.33319 
1.05156 -5.92965 3.33319 
1.05156 -5.92965 3.33319 
1.05156 -5.92965 3.33319 
1.05156 -5.92965 3.58319 
0.536239 -6.17325 3.58319 
0.395259 -6.22338 3.33319 
-0.871137 -6.46902 3.33319 
-0.871137 -6.46902 3.33319 
-0.871137 -6.46902 3.33319 
