2.3 0 0.785398 
2.3 0 0.785398 
2.38485 0.0848528 0.785398 
2.47003 0.853288 2.1854 
2.22785 1.19643 2.1854 
2.11999 1.4415 1.7354 
1.67265 4.1346 1.7354 
1.21593 4.6352 2.9354 
-0.369758 4.96687 2.9354 
-1.1004 4.47363 4.5854 
-1.17259 3.90822 4.5854 
-1.22973 3.70723 4.2354 
-1.2854 3.2712 4.9854 
-1.2854 3.2712 4.9854 
-1.2854 3.2712 4.9854 
-1.2854 3.2712 4.9854 
-1.2854 3.2712 4.6354 
-1.2854 3.2712 1.15221 
-0.858614 4.23055 1.15221 
-0.260794 4.5989 6.1854 
0.51548 4.52274 6.1854 
1.07109 3.89309 4.6354 
1.07109 3.89309 4.6354 
1.07109 3.89309 4.0854 
1.07109 3.89309 5.2354 
1.29586 3.50324 5.2354 
1.49782 3.28559 5.7354 
1.49782 3.28559 5.7354 
1.49782 3.28559 4.4854 
1.43706 3.02252 4.4854 
1.43706 3.02252 4.4854 
1.43706 3.02252 4.8354 
1.43706 3.02252 4.2354 
1.43706 3.02252 4.2354 
1.3131 2.78265 4.2354 
1.3131 2.78265 4.2354 
1.3131 2.78265 4.2354 
