-1 113 114 201 202 
-1 113 114 201 202 
-1 109 111 113 114 117 201 202 
-1 109 111 113 114 117 201 202 
-1 109 111 113 114 117 201 202 
-1 109 111 113 114 117 201 202 
-1 109 111 113 114 117 201 202 
-1 109 111 113 114 117 201 202 
-1 109 111 113 114 115 117 201 202 
-1 109 111 113 114 115 117 201 202 
-1 109 111 113 114 115 117 201 202 
-1 109 111 113 114 115 117 201 202 
-1 109 111 113 114 115 117 201 202 
-1 109 111 113 114 115 117 201 202 
-1 109 111 113 114 115 117 201 202 
-1 109 111 113 114 115 117 201 202 
-1 109 111 113 114 115 117 201 202 
-1 109 111 113 114 115 117 201 202 
-1 109 111 113 114 115 117 201 202 
-1 109 111 113 114 115 116 117 201 202 
-1 109 111 113 114 115 116 117 201 202 
-1 109 111 113 114 115 116 117 201 202 
-1 109 111 113 114 115 116 117 201 202 
-1 109 111 113 114 115 116 117 201 202 
-1 109 110 111 113 114 115 116 117 201 202 
-1 109 110 111 113 114 115 116 117 201 202 
-1 109 110 111 113 114 115 116 117 201 202 
