0.561504 -2.85828 2.9 
0.561504 -2.85828 2.9 
0.561504 -2.85828 4.55 
0.561504 -2.85828 4.55 
0.561504 -2.85828 4.55 
0.561504 -2.85828 4.55 
0.48875 -3.30236 4.55 
0.482046 -3.48158 4.85 
0.60139 -4.34336 4.85 
0.60139 -4.34336 4.85 
0.60139 -4.34336 4.85 
0.60139 -4.34336 4.85 
0.60139 -4.34336 5.8 
0.60139 -4.34336 5.8 
0.60139 -4.34336 5.8 
0.60139 -4.34336 5.8 
2.80633 -5.50021 5.8 
2.80633 -5.50021 5.8 
2.80633 -5.50021 5.8 
-0.566737 -5.82366 5.8 
-0.566737 -5.82366 5.5 
-0.566737 -5.82366 5.5 
-0.566737 -5.82366 5.5 
-0.566737 -5.82366 5.5 
-0.566737 -5.82366 3.75 
-0.566737 -5.82366 3.75 
-0.566737 -5.82366 3.75 
