3.09068 -0.305952 3.24956 
3.09068 -0.305952 3.24956 
3.09068 -0.305952 1.89956 
2.50951 1.39765 1.89956 
2.50951 1.39765 1.89956 
2.50951 1.39765 2.29956 
2.08997 1.86763 2.29956 
2.08997 1.86763 2.29956 
2.08997 1.86763 1.99956 
1.97772 2.11319 1.99956 
1.92941 2.2548 1.74956 
1.92941 2.2548 1.74956 
1.92941 2.2548 1.09956 
1.92941 2.2548 1.49956 
1.94222 2.43434 1.49956 
1.98807 2.6382 1.14956 
2.06167 2.80247 1.14956 
2.11957 3.09368 1.64956 
2.11013 3.21331 1.64956 
2.11013 3.21331 1.64956 
2.20139 2.05691 1.64956 
2.20139 2.05691 1.64956 
2.20139 2.05691 1.49956 
2.20139 2.05691 1.49956 
2.20139 2.05691 1.49956 
2.20139 2.05691 1.49956 
2.20139 2.05691 3.04956 
2.20139 2.05691 3.04956 
1.66368 2.10654 3.04956 
1.66368 2.10654 3.04956 
1.66368 2.10654 3.19956 
1.66368 2.10654 3.19956 
1.57383 2.10132 3.19956 
1.57383 2.10132 3.19956 
1.57383 2.10132 3.19956 
