-1 110 201 202 
-1 110 201 202 
-1 110 111 201 202 
-1 110 111 201 202 
-1 110 111 201 202 
-1 110 111 201 202 
-1 109 110 111 201 202 
-1 109 110 111 201 202 
-1 109 110 111 201 202 
-1 109 110 111 201 202 
-1 109 110 111 201 202 
-1 109 110 111 201 202 
-1 109 110 111 201 202 
-1 109 110 111 115 201 202 
-1 109 110 111 115 201 202 
-1 109 110 111 115 201 202 
-1 109 110 111 115 201 202 
-1 109 110 111 115 201 202 
-1 109 110 111 115 201 202 
-1 109 110 111 115 201 202 
-1 109 110 111 112 114 115 201 202 
-1 109 110 111 112 113 114 115 117 201 202 
-1 109 110 111 112 113 114 115 117 201 202 
-1 109 110 111 112 113 114 115 117 201 202 
-1 109 110 111 112 113 114 115 117 201 202 
-1 109 110 111 112 113 114 115 117 201 202 
-1 109 110 111 112 113 114 115 117 201 202 
-1 109 110 111 112 113 114 115 117 201 202 
-1 109 110 111 112 113 114 115 117 201 202 
-1 109 110 111 112 113 114 115 117 201 202 
-1 109 110 111 112 113 114 115 117 201 202 
-1 109 110 111 112 113 114 115 117 201 202 
-1 109 110 111 112 113 114 115 117 201 202 
-1 109 110 111 112 113 114 115 117 201 202 
-1 109 110 111 112 113 114 115 117 201 202 
-1 109 110 111 112 113 114 115 117 201 202 
-1 109 110 111 112 113 114 115 117 201 202 
-1 109 110 111 112 113 114 115 117 201 202 
-1 109 110 111 112 113 114 115 117 201 202 
-1 109 110 111 112 113 114 115 117 201 202 
-1 109 110 111 112 113 114 115 117 201 202 
-1 109 110 111 112 113 114 115 117 201 202 
-1 109 110 111 112 113 114 115 117 201 202 
-1 109 110 111 112 113 114 115 117 201 202 
-1 109 110 111 112 113 114 115 117 201 202 
-1 109 110 111 112 113 114 115 117 201 202 
-1 109 110 111 112 113 114 115 117 201 202 
-1 109 110 111 112 113 114 115 117 201 202 
-1 109 110 111 112 113 114 115 117 201 202 
-1 109 110 111 112 113 114 115 117 201 202 
-1 109 110 111 112 113 114 115 117 201 202 
-1 109 110 111 112 113 114 115 117 201 202 
-1 109 110 111 112 113 114 115 117 201 202 
-1 109 110 111 112 113 114 115 117 201 202 
-1 109 110 111 112 113 114 115 117 201 202 
-1 109 110 111 112 113 114 115 117 201 202 
-1 109 110 111 112 113 114 115 117 201 202 
-1 109 110 111 112 113 114 115 117 201 202 
