-0.871137 -6.46902 3.33319 
-0.871137 -6.46902 3.33319 
-0.871137 -6.46902 2.88319 
-0.871137 -6.46902 2.88319 
0.0376531 -6.70923 2.88319 
0.0376531 -6.70923 2.88319 
0.0376531 -6.70923 1.88319 
0.0376531 -6.70923 1.88319 
0.0376531 -6.70923 1.63319 
0.00959622 -6.26011 1.63319 
-0.0145946 -6.11245 1.88319 
-0.143674 -5.71278 1.88319 
-0.143674 -5.71278 1.88319 
-0.143674 -5.71278 0.0831853 
-0.143674 -5.71278 0.0831853 
-0.143674 -5.71278 0.0831853 
-0.143674 -5.71278 0.0831853 
-0.143674 -5.71278 2.08319 
-0.143674 -5.71278 2.08319 
-0.143674 -5.71278 2.08319 
0.0873578 -2.94039 2.08319 
0.0873578 -2.94039 3.28319 
0.0873578 -2.94039 2.43319 
0.0873578 -2.94039 2.43319 
0.0873578 -2.94039 2.43319 
0.0873578 -2.94039 2.43319 
0.0873578 -2.94039 3.48319 
-0.110509 -3.01074 3.48319 
-0.65615 -2.95135 2.53319 
-0.853084 -2.81418 2.53319 
-1.39508 -2.7276 3.48319 
-1.39508 -2.7276 3.48319 
-1.70601 -2.83814 3.48319 
-1.70601 -2.83814 3.48319 
-1.70601 -2.83814 4.93319 
-1.70601 -2.83814 4.93319 
-1.70601 -2.83814 4.93319 
-0.366022 -6.85811 4.93319 
-0.366022 -6.85811 4.68319 
-0.366022 -6.85811 4.68319 
-0.366022 -6.85811 4.68319 
-0.366022 -6.85811 4.68319 
-0.366022 -6.85811 2.83319 
-0.594699 -6.78526 2.83319 
-0.594699 -6.78526 2.83319 
-0.594699 -6.78526 3.93319 
-0.910919 -7.10542 3.93319 
-1.13317 -7.25474 3.48319 
-1.13317 -7.25474 3.48319 
-1.13317 -7.25474 1.93319 
-1.13317 -7.25474 1.93319 
-1.22889 -7.00228 1.93319 
-1.22889 -7.00228 1.93319 
-1.20762 -7.05838 1.93319 
-1.20762 -7.05838 1.93319 
-1.18635 -7.11448 1.93319 
-1.18635 -7.11448 1.93319 
-1.18635 -7.11448 1.93319 
