2.3 0 0.785398 
2.3 0 0.785398 
2.3 0 1.7354 
2.25084 0.295945 1.7354 
2.24118 0.445258 1.4854 
2.27957 0.893618 1.4854 
2.30715 1.04068 1.2354 
2.39602 1.29563 1.2354 
2.45912 1.4313 0.985398 
2.77407 1.90639 0.985398 
2.85375 2.06706 1.2854 
2.88753 2.18221 1.2854 
2.88753 2.18221 1.2854 
2.88753 2.18221 1.2854 
2.88753 2.18221 1.2854 
2.88753 2.18221 3.6354 
2.88753 2.18221 3.6354 
2.62337 2.04001 3.6354 
2.30712 1.96134 3.0854 
2.30712 1.96134 3.0854 
1.76797 1.99167 3.0854 
1.76797 1.99167 3.0854 
1.67812 1.99673 3.0854 
1.67812 1.99673 3.0854 
1.71805 1.99448 3.0854 
1.71805 1.99448 3.0854 
1.71805 1.99448 3.0854 
