2.5 0 0 
2.5 0 0 
2.5 0 4.43319 
1.95433 -1.90332 4.43319 
1.95433 -1.90332 4.43319 
1.95433 -1.90332 4.13319 
1.95433 -1.90332 4.68319 
1.95433 -1.90332 4.68319 
1.95433 -1.90332 4.68319 
1.95433 -1.90332 4.68319 
1.94294 -2.29316 4.68319 
1.88211 -2.55391 4.23319 
1.46714 -3.35254 4.23319 
1.2243 -3.61102 3.63319 
0.695355 -3.89424 3.63319 
0.367979 -4.48756 4.83319 
0.422205 -4.93428 4.83319 
0.422205 -4.93428 4.83319 
0.422205 -4.93428 4.83319 
0.422205 -4.93428 4.83319 
0.422205 -4.93428 3.08319 
0.422205 -4.93428 3.08319 
0.212563 -4.92202 3.08319 
0.212563 -4.92202 3.08319 
0.212563 -4.92202 3.08319 
