2.3 0 0.785398 
2.3 0 0.785398 
2.3 0 1.5854 
2.26934 2.09978 1.5854 
2.26934 2.09978 1.5854 
2.26934 2.09978 1.5854 
2.26934 2.09978 1.5854 
2.26934 2.09978 4.1354 
2.26934 2.09978 2.5854 
2.26934 2.09978 2.5854 
1.98908 2.274 2.5854 
1.98908 2.274 2.5854 
1.86169 2.3532 2.5854 
1.72237 2.46613 2.2854 
1.58475 2.62476 2.2854 
1.43382 2.9457 1.6854 
1.36521 3.54176 1.6854 
0.934069 4.06456 2.8854 
0.0344233 4.30023 2.8854 
-0.57034 4.13363 3.9854 
-1.24826 3.37151 3.9854 
-1.24826 3.37151 3.9854 
-1.24826 3.37151 5.0854 
-1.24826 3.37151 5.0854 
-1.24826 3.37151 5.4854 
-1.08067 3.19971 5.4854 
-0.958747 3.03002 5.1354 
-0.958747 3.03002 5.1354 
-1.05727 3.24886 5.1354 
-1.05727 3.24886 5.1354 
-1.05727 3.24886 4.6854 
-1.07346 2.64908 4.6854 
-1.07346 2.64908 4.6854 
-1.07346 2.64908 4.6854 
