-1 117 201 202 
-1 117 201 202 
-1 117 201 202 
-1 109 111 117 201 202 
-1 109 111 117 201 202 
-1 109 111 117 201 202 
-1 109 111 117 201 202 
-1 109 110 111 117 201 202 
-1 109 110 111 117 201 202 
-1 109 110 111 117 201 202 
-1 109 110 111 117 201 202 
-1 109 110 111 117 201 202 
-1 109 110 111 117 201 202 
-1 109 110 111 117 201 202 
-1 109 110 111 117 201 202 
-1 109 110 111 117 201 202 
-1 109 110 111 117 201 202 
-1 109 110 111 112 113 114 117 201 202 
-1 109 110 111 112 113 114 117 201 202 
-1 109 110 111 112 113 114 117 201 202 
-1 109 110 111 112 113 114 117 201 202 
-1 109 110 111 112 113 114 117 201 202 
-1 109 110 111 112 113 114 117 201 202 
-1 109 110 111 112 113 114 117 201 202 
-1 109 110 111 112 113 114 117 201 202 
-1 109 110 111 112 113 114 117 201 202 
-1 109 110 111 112 113 114 117 201 202 
-1 109 110 111 112 113 114 117 201 202 
-1 109 110 111 112 113 114 117 201 202 
-1 109 110 111 112 113 114 117 201 202 
-1 109 110 111 112 113 114 117 201 202 
-1 109 110 111 112 113 114 117 201 202 
-1 109 110 111 112 113 114 115 116 117 201 202 
-1 109 110 111 112 113 114 115 116 117 201 202 
-1 109 110 111 112 113 114 115 116 117 201 202 
-1 109 110 111 112 113 114 115 116 117 201 202 
-1 109 110 111 112 113 114 115 116 117 201 202 
-1 109 110 111 112 113 114 115 116 117 201 202 
-1 109 110 111 112 113 114 115 116 117 201 202 
