-0.717531 -3.05807 3.63319 
-0.717531 -3.05807 3.63319 
-0.717531 -3.05807 3.23319 
-0.717531 -3.05807 4.63319 
-0.717531 -3.05807 4.63319 
-0.717531 -3.05807 4.63319 
-0.717531 -3.05807 4.63319 
-0.819597 -4.34403 4.63319 
-0.819597 -4.34403 4.63319 
-0.819597 -4.34403 5.03319 
-0.819597 -4.34403 5.03319 
-0.819597 -4.34403 5.03319 
-0.819597 -4.34403 5.03319 
-0.819597 -4.34403 0.55 
-0.819597 -4.34403 0.55 
-0.819597 -4.34403 0.55 
-0.819597 -4.34403 0.55 
-0.819597 -4.34403 1.95 
-0.952862 -4.0096 1.95 
-0.952862 -4.0096 1.95 
-0.952862 -4.0096 2.4 
-0.952862 -4.0096 2.4 
-0.952862 -4.0096 2.4 
-0.952862 -4.0096 2.4 
-0.952862 -4.0096 1.35 
-0.58321 -6.27372 1.35 
-0.58321 -6.27372 0.6 
-0.58321 -5.90407 0.6 
-0.58321 -5.90407 0.75 
-0.58321 -5.90407 0.75 
-0.58321 -5.90407 0.75 
-0.58321 -5.90407 0.75 
-0.58321 -5.90407 3.58319 
-0.58321 -5.90407 3.58319 
-0.881554 -6.0451 3.58319 
-0.881554 -6.0451 3.58319 
-0.881554 -6.0451 3.73319 
-0.881554 -6.0451 3.73319 
-0.881554 -6.0451 3.73319 
