0.167516 4.53939 3.48319 
0.167516 4.53939 3.48319 
0.167516 4.53939 3.23319 
0.167516 4.53939 4.23319 
0.112188 4.43291 4.23319 
-0.0560095 4.22457 3.78319 
-0.219263 4.0508 4.18319 
-0.325281 3.86953 4.18319 
-0.325281 3.86953 4.18319 
-0.234409 4.02491 4.18319 
-0.234409 4.02491 4.18319 
-0.234409 4.02491 4.68319 
-0.234409 4.02491 3.33319 
-0.970685 3.88209 3.33319 
-1.05971 3.8694 3.18319 
-1.42078 3.74103 3.83319 
-1.49282 3.68721 3.68319 
-1.28717 3.81093 3.68319 
-1.28717 3.81093 3.68319 
-1.28717 3.81093 4.58319 
-1.28717 3.81093 4.58319 
-1.28717 3.81093 4.58319 
-1.28717 3.81093 4.58319 
-1.32196 3.54318 4.58319 
-1.52463 3.15312 3.83319 
-1.52463 3.15312 3.83319 
-1.4168 3.24241 3.83319 
-1.14068 3.34057 3.08319 
-1.35032 3.35283 3.08319 
-1.67025 3.29078 3.63319 
-1.67025 3.29078 3.63319 
-1.67025 3.29078 3.23319 
-1.67025 3.29078 4.48319 
-1.79294 2.7649 4.48319 
-1.87029 2.57079 4.13319 
-1.90428 1.94442 5.23319 
-1.90428 1.94442 5.23319 
-1.90428 1.94442 0.15 
-1.57798 1.99374 0.15 
-1.57798 1.99374 0.15 
-1.81529 1.95787 0.15 
-1.91194 1.93319 0.4 
-1.91194 1.93319 0.4 
-1.91194 1.93319 6.23319 
-1.64227 1.9197 6.23319 
-1.64227 1.9197 6.23319 
-1.64227 1.9197 6.23319 
1.0377 4.0452 6.23319 
1.0377 4.0452 5.03319 
1.0377 4.0452 5.03319 
1.0377 4.0452 5.03319 
1.0377 4.0452 5.03319 
1.28365 3.30499 5.03319 
1.43778 3.05121 5.53319 
1.43778 3.05121 5.53319 
1.43778 3.05121 4.33319 
1.24899 2.57744 4.33319 
1.24899 2.57744 4.33319 
1.2786 2.65176 4.33319 
1.2786 2.65176 4.33319 
1.2786 2.65176 4.33319 
