0 0 0 
3.53048e-37 0 0 
0.96 0 0 
1.32609 0.113246 0.65 
1.99481 0.621603 0.65 
2.20652 1.31636 1.95 
-1.30517 4.18116 4.28319 
-1.30517 4.18116 4.28319 
-1.30517 4.18116 4.28319 
-1.30517 4.18116 3.93319 
-1.30517 4.18116 4.83319 
-1.13164 2.75165 4.83319 
-1.13164 2.75165 4.83319 
-1.13164 2.75165 4.83319 
2.10281 3.21372 4.83319 
2.11727 3.09459 4.83319 
2.11727 3.09459 4.83319 
2.11727 3.09459 4.83319 
2.11727 3.09459 4.83319 
2.19319 2.46918 4.83319 
2.24908 2.26785 5.18319 
2.30205 1.83148 4.43319 
2.3241 1.90838 4.43319 
2.34204 2.04652 4.78319 
2.59686 2.45824 3.48319 
1.69233 2.13665 3.48319 
1.69233 2.13665 3.48319 
1.69233 2.13665 3.48319 
