2.5 2 1.5708 
2.5 2.27 1.5708 
2.5 2.54 1.5708 
2.5 2.81 1.5708 
2.5 3.08 1.5708 
2.5 3.35 1.5708 
2.5 3.62 1.5708 
2.5 3.89 1.5708 
2.46877 4.15661 1.9208 
2.32882 4.38487 2.3708 
2.10351 4.52954 2.8208 
1.84124 4.59302 2.9208 
1.57779 4.65215 2.9208 
1.31434 4.71128 2.9208 
1.0509 4.77041 2.9208 
0.787162 4.82807 3.0208 
0.517502 4.83818 3.1208 
0.248371 4.82884 3.3708 
0.00490198 4.71741 3.8208 
-0.167167 4.51192 4.1708 
-0.306353 4.28056 4.1708 
-0.445538 4.0492 4.1708 
-0.584723 3.81784 4.1708 
-0.579568 3.82641 3.6208 
-0.830387 3.72646 3.5208 
-1.07463 3.61305 3.7708 
-1.25549 3.41561 4.2208 
-1.33247 3.15915 4.6708 
-1.29165 2.89426 5.0208 
