0 0 0 
0 0 0 
0.27 0 0 
0.57 0 0 
0.84 0 0 
1.10996 0.00149938 0.1 
1.36576 0.0806265 0.55 
1.58327 0.240336 0.65 
1.79822 0.403736 0.65 
2.01316 0.567136 0.65 
2.2281 0.730537 0.65 
2.44304 0.893937 0.65 
2.65799 1.05734 0.65 
2.451 0.899989 0.65 
2.24402 0.74264 0.65 
2.03704 0.585292 0.65 
2.17846 0.805951 1.05 
2.26501 1.08997 1.55 
2.25863 1.35986 1.6 
2.25074 1.62975 1.6 
2.24286 1.89963 1.6 
2.2341 2.1995 1.6 
2.22534 2.49938 1.6 
2.22446 2.52936 2.2 
2.22446 2.52936 2.75 
2.22446 2.52936 3.35 
2.00291 2.37504 3.75 
1.75065 2.28709 3.4 
