2.71771 5.79022 3.3 
2.71771 5.79022 3.3 
2.71771 5.79022 2.7 
2.71771 5.79022 2.7 
2.71771 5.79022 3.6 
2.04514 5.45832 3.6 
2.04514 5.45832 3.6 
2.04514 5.45832 2.35 
1.96082 5.5437 2.35 
1.84557 5.63913 2.6 
1.84557 5.63913 2.6 
1.84557 5.63913 2.6 
1.84557 5.63913 2.6 
1.84557 5.63913 2.6 
1.84557 5.63913 2.6 
1.84557 5.63913 2.6 
1.84557 5.63913 2.6 
1.84557 5.63913 2.7 
1.84557 5.63913 2.85 
1.84557 5.63913 3 
1.84557 5.63913 3.1 
1.84557 5.63913 3.25 
1.84557 5.63913 3.4 
1.84557 5.63913 3.55 
1.84557 5.63913 3.65 
1.84557 5.63913 3.85 
1.84557 5.63913 4.2 
1.65437 5.29921 4.2 
0.648011 5.21508 2.2 
0.648011 5.21508 2.2 
0.648011 5.21508 0.25 
1.11309 5.33383 0.25 
1.11309 5.33383 0.25 
1.11309 5.33383 0.25 
2.13045 5.59361 0.25 
2.57735 6.32945 1.85 
2.75924 5.695 1.85 
3.00303 5.42214 2.8 
1.47663 5.96482 2.8 
1.47663 5.96482 2.8 
1.47663 5.96482 2.1 
1.47663 5.96482 2.1 
1.47663 5.96482 2.1 
