2.3 0 0.785398 
2.3 0 0.785398 
2.3 0 1.5854 
2.26671 2.27976 1.5854 
2.34272 2.59666 1.0354 
2.4268 2.81977 1.4354 
2.49159 3.29538 1.4354 
2.49159 3.29538 1.4354 
2.45919 3.05757 1.4354 
2.47944 3.2062 1.4354 
2.47944 3.2062 1.4354 
2.46054 3.06748 1.4354 
2.46054 3.06748 1.4354 
2.46054 3.06748 1.4354 
2.46054 3.06748 1.4354 
2.46054 3.06748 2.6354 
0.676368 4.05658 2.6354 
0.361114 4.13916 3.1854 
-1.46713 4.05902 3.1854 
-1.46713 4.05902 3.1854 
-1.46713 4.05902 4.6354 
-1.61019 2.20453 4.6354 
-1.61019 2.20453 4.6354 
-1.58096 2.58341 4.6354 
-1.59652 2.7416 5.0354 
-1.59652 2.7416 5.0354 
-1.53938 2.57091 5.0354 
-1.53938 2.57091 5.0354 
-1.53938 2.57091 4.6854 
-1.53938 2.57091 5.4354 
-1.53938 2.57091 5.4354 
-1.53938 2.57091 5.6354 
-1.53938 2.57091 5.6354 
-1.53938 2.57091 5.6354 
