-1 110 201 202 
-1 109 110 111 115 117 201 202 
-1 109 110 111 115 117 201 202 
-1 109 110 111 115 117 201 202 
-1 109 110 111 115 117 201 202 
-1 109 110 111 115 117 201 202 
-1 109 110 111 115 117 201 202 
-1 109 110 111 115 117 201 202 
-1 109 110 111 115 117 201 202 
-1 109 110 111 115 117 201 202 
-1 109 110 111 115 117 201 202 
-1 109 110 111 115 117 201 202 
-1 109 110 111 113 114 115 117 201 202 
-1 109 110 111 113 114 115 117 201 202 
-1 109 110 111 113 114 115 117 201 202 
-1 109 110 111 113 114 115 117 201 202 
-1 109 110 111 113 114 115 117 201 202 
-1 109 110 111 113 114 115 117 201 202 
-1 109 110 111 113 114 115 117 201 202 
-1 109 110 111 113 114 115 117 201 202 
-1 109 110 111 113 114 115 117 201 202 
-1 109 110 111 113 114 115 117 201 202 
-1 109 110 111 113 114 115 117 201 202 
-1 109 110 111 113 114 115 117 201 202 
-1 109 110 111 113 114 115 117 201 202 
-1 109 110 111 113 114 115 117 201 202 
-1 109 110 111 113 114 115 117 201 202 
-1 109 110 111 113 114 115 117 201 202 
-1 109 110 111 113 114 115 117 201 202 
-1 109 110 111 113 114 115 117 201 202 
-1 109 110 111 113 114 115 117 201 202 
