-0.739228 -6.435 3.28319 
0.693172 -5.88052 3.28319 
0.693172 -5.88052 2.93319 
0.693172 -5.88052 2.93319 
0.693172 -5.88052 2.93319 
0.693172 -5.88052 2.93319 
0.693172 -5.88052 2.43319 
0.465353 -5.68533 2.43319 
0.315673 -5.58654 2.73319 
0.0678796 -5.47931 2.73319 
0.0678796 -5.47931 2.73319 
0.0678796 -5.47931 2.73319 
-1.36452 -2.75313 2.73319 
-1.36452 -2.75313 2.53319 
-1.36452 -2.75313 2.53319 
-1.36452 -2.75313 2.53319 
-1.36452 -2.75313 2.53319 
-1.36452 -2.75313 4.53319 
-1.36452 -2.75313 4.53319 
-1.37522 -2.81217 4.53319 
-1.37522 -2.81217 4.53319 
-1.37522 -2.81217 4.53319 
-1.60625 -7.24799 4.53319 
-1.60625 -7.24799 3.93319 
-1.60625 -7.24799 3.93319 
-1.60625 -7.24799 3.93319 
-1.60625 -7.24799 1.28319 
-1.60625 -7.24799 1.28319 
-1.60625 -7.24799 1.48319 
-1.60625 -7.24799 1.48319 
-1.60625 -7.24799 1.48319 
