2.5 0 0 
2.5 0 0 
2.5 0 0.55 
2.5 0 1.1 
2.5 0 1.65 
2.45187 0.265676 1.75 
2.40375 0.531352 1.75 
2.35562 0.797029 1.75 
2.30749 1.0627 1.75 
2.25937 1.32838 1.75 
2.21124 1.59406 1.75 
2.16312 1.85973 1.75 
2.11499 2.12541 1.75 
2.07579 2.39217 1.55 
2.13022 2.65502 1.25 
2.21536 2.91125 1.25 
2.3005 3.16747 1.25 
2.38563 3.4237 1.25 
2.47498 3.67833 1.1 
2.64142 3.88807 0.65 
2.8736 4.02514 0.5 
3.11055 4.15459 0.5 
3.3475 4.28403 0.5 
3.58444 4.41348 0.5 
3.82139 4.54292 0.5 
4.05834 4.67237 0.5 
4.29528 4.80181 0.5 
4.51971 4.94989 0.8 
4.66438 5.1752 1.25 
4.73804 5.43493 1.3 
4.77014 5.55055 0.75 
4.77014 5.55055 0.2 
4.77014 5.55055 5.93319 
4.95825 5.35687 5.48319 
5.14636 5.16318 5.48319 
5.33447 4.96949 5.48319 
5.54261 4.8 5.83319 
5.59726 4.77527 0.1 
