0 0 0 
0 0 0 
2.25 0 0 
2.25 0 0 
2.25 0 1.55 
2.25 0 1.55 
2.29305 2.06955 1.55 
2.29305 2.06955 1.55 
2.29305 2.06955 1.55 
2.29305 2.06955 1.55 
2.34794 4.70898 1.55 
2.34794 4.70898 1.55 
2.34794 4.70898 1.55 
2.34794 4.70898 1.55 
2.34794 4.70898 6.28319 
2.34794 4.70898 6.28319 
2.34794 4.70898 6.28319 
2.34794 4.70898 6.28319 
5.16794 4.70898 6.28319 
5.16794 4.70898 6.28319 
5.16794 4.70898 6.28319 
5.16794 4.70898 6.28319 
5.16794 4.70898 0.2 
5.57957 4.79242 0.2 
5.57957 4.79242 0.2 
5.9324 4.86394 0.2 
5.9324 4.86394 0.2 
5.9324 4.86394 0.2 
