2.5 2 1.5708 
2.5 2.27 1.5708 
2.5 2.54 1.5708 
2.5 2.81 1.5708 
2.5 3.08 1.5708 
2.5 3.35 1.5708 
2.5 3.62 1.5708 
2.5 3.89 1.5708 
2.5 4.16 1.5708 
2.5 4.43 1.5708 
2.5 4.7 1.5708 
2.5 4.97 1.5708 
2.5 5.24 1.5708 
2.5 5.51 1.5708 
2.5 5.78 1.5708 
2.5 6.05 1.5708 
2.5 6.23 1.0208 
2.5 6.23 0.470796 
2.76994 6.23561 0.0207963 
3.03988 6.24123 0.0207963 
3.30982 6.24684 0.0207963 
3.57977 6.25246 0.0207963 
3.84971 6.25807 0.0207963 
4.11958 6.26519 0.120796 
4.38587 6.30959 0.170796 
4.65194 6.35548 0.170796 
4.91801 6.40138 0.170796 
