2.12239 -6.41659 4.63319 
2.12239 -6.41659 4.63319 
2.12239 -6.41659 5.08319 
1.95571 -5.98786 5.08319 
2.6026 -5.43338 5.08319 
2.6026 -5.43338 3.98319 
2.6026 -5.43338 4.23319 
2.6026 -5.43338 4.23319 
2.6026 -5.43338 4.23319 
2.6026 -5.43338 4.23319 
2.6026 -5.43338 3.93319 
2.6026 -5.43338 5.08319 
2.6026 -5.43338 5.08319 
2.98308 -6.41202 5.08319 
3.12774 -6.63733 5.53319 
3.12774 -6.63733 5.53319 
3.12774 -6.63733 4.48319 
3.05277 -6.9587 4.48319 
2.85931 -7.28949 3.83319 
2.85931 -7.28949 3.83319 
2.85931 -7.28949 2.98319 
2.59269 -7.2469 2.98319 
2.59269 -7.2469 2.98319 
2.59269 -7.2469 2.98319 
