1.4058 2.51568 3.98274 
1.4058 2.51568 3.98274 
1.4058 2.51568 0.782741 
1.83119 2.93882 0.782741 
1.83119 2.93882 0.782741 
1.83119 2.93882 5.56593 
1.83119 2.93882 5.56593 
1.83119 2.93882 5.56593 
1.83119 2.93882 5.56593 
1.83119 2.93882 3.86593 
1.83119 2.93882 3.86593 
1.53911 2.68039 3.86593 
1.53911 2.68039 3.86593 
1.53911 2.68039 4.01593 
1.53911 2.68039 4.01593 
1.44288 2.56532 4.01593 
1.44288 2.56532 4.01593 
1.48137 2.61135 4.01593 
1.48137 2.61135 4.01593 
1.48137 2.61135 4.01593 
