0 0 0 
0 0 0 
2.01 0 0 
2.48557 -0.215237 5.38319 
2.63846 -0.357666 5.73319 
2.89137 -0.645565 5.08319 
2.94573 -0.785371 5.08319 
2.94573 -0.785371 5.08319 
2.74281 -0.263429 5.08319 
2.6603 -0.12757 5.48319 
2.54059 0.139914 4.73319 
2.58488 -1.98963 4.73319 
2.58488 -1.98963 4.73319 
2.58488 -1.98963 4.73319 
2.58488 -1.98963 4.73319 
2.58488 -1.98963 4.58319 
2.55396 -2.22763 4.58319 
2.43332 -2.53036 4.03319 
0.944549 -4.3744 4.03319 
0.862651 -4.49962 4.28319 
0.862651 -4.49962 4.28319 
0.862651 -4.49962 3.78319 
0.862651 -4.49962 4.63319 
0.862651 -4.49962 4.63319 
0.862651 -4.49962 4.63319 
0.862651 -4.49962 4.63319 
0.862651 -4.49962 2.68319 
0.862651 -4.49962 2.68319 
0.862651 -4.49962 2.68319 
0.862651 -4.49962 2.68319 
0.862651 -4.49962 4.13319 
0.517816 -5.02687 4.13319 
0.32966 -5.21737 3.68319 
0.32966 -5.21737 3.68319 
-0.75002 -5.8669 3.68319 
-0.75002 -5.8669 3.68319 
-0.75002 -5.8669 4.03319 
-0.75002 -5.8669 4.03319 
-0.957317 -6.12366 4.03319 
-0.957317 -6.12366 4.03319 
-1.0327 -6.21703 4.03319 
-1.0327 -6.21703 4.03319 
-1.0327 -6.21703 3.73319 
-1.0327 -6.21703 3.73319 
-1.0327 -6.21703 3.73319 
