-1 104 201 202 
-1 104 201 202 
-1 104 201 202 
-1 104 201 202 
-1 104 201 202 
-1 104 115 201 202 
-1 104 109 115 201 202 
-1 104 109 115 201 202 
-1 104 109 115 201 202 
-1 104 109 111 115 201 202 
-1 104 109 111 115 201 202 
-1 104 109 111 115 201 202 
-1 104 109 111 115 201 202 
-1 104 109 111 115 201 202 
-1 104 109 111 115 201 202 
-1 104 109 110 111 115 201 202 
-1 104 109 110 111 115 201 202 
-1 104 109 110 111 115 201 202 
-1 104 109 110 111 115 201 202 
-1 104 109 110 111 115 201 202 
-1 104 109 110 111 115 201 202 
-1 104 109 110 111 115 201 202 
-1 104 109 110 111 115 201 202 
-1 104 109 110 111 115 201 202 
-1 104 109 110 111 115 201 202 
-1 104 109 110 111 115 201 202 
-1 104 109 110 111 115 201 202 
