1.56156 2.01755 3.29956 
1.56156 2.01755 3.29956 
1.56156 2.01755 5.49956 
1.98658 1.59404 5.49956 
2.1738 1.16583 4.69956 
2.10796 -3.96375 4.69956 
1.43788 -4.56701 2.99956 
1.43788 -4.56701 2.99956 
1.43788 -4.56701 3.44956 
1.18058 -4.64885 3.44956 
1.06945 -4.69362 3.64956 
1.06945 -4.69362 3.64956 
1.06945 -4.69362 4.19956 
0.289317 -6.07908 4.19956 
0.289317 -6.07908 4.19956 
0.289317 -6.07908 1.24956 
0.402985 -5.7375 1.24956 
0.402985 -5.7375 1.24956 
0.402985 -5.7375 1.24956 
0.402985 -5.7375 1.24956 
0.402985 -5.7375 2.49956 
0.0425896 -5.46802 2.49956 
0.0425896 -5.46802 2.49956 
-0.0294894 -5.41413 2.49956 
-0.0294894 -5.41413 2.49956 
0.515108 -5.82133 2.49956 
0.515108 -5.82133 2.49956 
