1.76689 2.22262 3.38319 
-1.32894 4.16329 3.38319 
-1.32894 4.16329 4.63319 
-1.32894 4.16329 4.63319 
-1.32894 4.16329 4.63319 
-1.32894 4.16329 4.63319 
-1.35031 3.89414 4.63319 
-1.47332 3.5615 4.03319 
-1.58639 3.42144 4.03319 
-1.70158 3.21268 4.43319 
-1.70158 3.21268 4.43319 
-1.77599 2.95314 4.43319 
-1.77599 2.95314 4.43319 
-1.77599 2.95314 4.08319 
-1.77599 2.95314 5.48319 
-1.42067 2.58729 5.48319 
-1.42067 2.58729 5.48319 
-1.42067 2.58729 5.33319 
-1.42067 2.58729 5.33319 
-1.42067 2.58729 5.33319 
1.53655 3.00315 5.33319 
1.6238 2.88113 5.33319 
1.6238 2.88113 5.33319 
1.6238 2.88113 5.33319 
1.6238 2.88113 5.33319 
1.6238 2.88113 4.23319 
1.45781 2.56168 4.23319 
1.45781 2.56168 4.23319 
1.45781 2.56168 4.23319 
