-1 201 202 
-1 201 202 
-1 201 202 
-1 201 202 
-1 201 202 
-1 201 202 
-1 201 202 
-1 201 202 
-1 201 202 
-1 201 202 
-1 201 202 
-1 201 202 
-1 201 202 
-1 201 202 
-1 201 202 
-1 201 202 
-1 201 202 
-1 201 202 
-1 107 201 202 
-1 107 201 202 
-1 107 201 202 
-1 107 201 202 
-1 107 201 202 
-1 107 108 201 202 
-1 102 107 108 201 202 
-1 101 102 107 108 201 202 
-1 101 102 107 108 201 202 
-1 101 102 107 108 201 202 
-1 101 102 107 108 201 202 
-1 101 102 103 107 108 201 202 
-1 101 102 103 107 108 201 202 
-1 101 102 103 107 108 201 202 
-1 101 102 103 107 108 201 202 
-1 101 102 103 107 108 201 202 
-1 101 102 103 107 108 201 202 
