4.10558 2.36238 6.28319 
4.10558 2.36238 6.28319 
4.10558 2.36238 2.1 
4.10558 2.36238 2.1 
3.81782 2.85441 2.1 
3.81782 2.85441 2.1 
3.81782 2.85441 2.1 
3.12472 4.28681 2.1 
3.12472 4.28681 2.1 
3.12472 4.28681 2.1 
3.12472 4.28681 2.7 
1.41508 4.47164 2.7 
1.41508 4.47164 2.7 
1.41508 4.47164 2.7 
0.981125 4.67678 2.7 
0.840145 4.7269 2.95 
-0.985822 5.08109 2.95 
-0.985822 5.08109 2.95 
-0.985822 5.08109 1.6 
-0.991953 5.291 1.6 
-0.991953 5.291 1.6 
-0.991953 5.291 1.6 
-0.991953 5.291 1.6 
-0.991953 5.291 0.85 
3.90593 4.78273 0.85 
3.90593 4.78273 0.55 
3.90593 4.78273 0.55 
3.90593 4.78273 0.55 
3.90593 4.78273 0.55 
3.90593 4.78273 5.93319 
5.73771 4.11408 5.93319 
5.73771 4.11408 5.93319 
5.73771 4.11408 3.73319 
5.73771 4.11408 3.73319 
5.73771 4.11408 3.73319 
