2.5 0 0 
2.5 0 0 
2.5 0 4.33319 
2.34452 -0.390163 4.33319 
2.23904 -0.570532 3.98319 
2.07719 -0.94889 4.68319 
2.04653 -1.99844 4.68319 
2.04653 -1.99844 4.68319 
2.04653 -1.99844 4.68319 
2.04653 -1.99844 4.68319 
2.04653 -1.99844 4.28319 
1.32244 -3.58062 4.28319 
1.18698 -3.77684 3.88319 
0.678181 -4.24291 3.88319 
0.475506 -4.63297 4.63319 
0.475506 -4.63297 4.63319 
0.45177 -4.93203 4.63319 
0.45177 -4.93203 4.63319 
0.459682 -4.83234 4.63319 
0.477088 -4.61303 4.63319 
0.477088 -4.61303 4.63319 
0.477088 -4.61303 4.63319 
0.477088 -4.61303 4.63319 
0.477088 -4.61303 3.43319 
0.477088 -4.61303 3.43319 
0.189752 -4.69927 3.43319 
0.189752 -4.69927 3.43319 
0.189752 -4.69927 3.43319 
