0 0 0 
0 0 0 
1.11 0 0 
1.31661 0.0312253 0.35 
1.68296 0.164955 0.35 
1.81769 0.230037 0.6 
2.09005 0.416369 0.6 
2.20449 0.512761 0.85 
2.44208 0.783222 0.85 
2.60049 1.22291 1.65 
2.52928 2.12009 1.65 
2.52928 2.12009 1.65 
2.52928 2.12009 1.65 
2.52928 2.12009 1.65 
2.3204 4.75181 1.65 
2.3204 4.75181 1.65 
2.3204 4.75181 2.55 
2.3204 4.75181 2.55 
2.3204 4.75181 1.35 
2.3204 4.75181 1.35 
2.3204 4.75181 1.65 
2.3204 4.75181 1.65 
2.3204 4.75181 1.65 
2.3204 4.75181 1.65 
2.3204 4.75181 3.25 
2.3204 4.75181 3.25 
2.3204 4.75181 3.25 
