-1 
-1 
-1 
-1 
-1 
-1 
-1 
-1 
-1 
-1 
-1 
-1 
-1 
-1 
-1 
-1 115 
-1 115 
-1 109 111 115 116 
-1 109 111 115 116 
-1 109 111 115 116 
-1 109 110 111 115 116 
-1 109 110 111 115 116 
-1 109 110 111 115 116 
-1 109 110 111 115 116 
-1 109 110 111 115 116 
-1 109 110 111 115 116 
-1 109 110 111 115 116 
-1 109 110 111 115 116 
-1 109 110 111 115 116 
-1 109 110 111 115 116 
-1 109 110 111 115 116 
-1 109 110 111 115 116 
-1 109 110 111 115 116 
-1 109 110 111 115 116 
-1 109 110 111 115 116 
-1 109 110 111 115 116 
-1 109 110 111 115 116 
-1 109 110 111 115 116 
-1 109 110 111 115 116 
