2.5 0 0 
2.5 0 0 
2.5 0 4.53319 
2.37166 -0.70847 4.53319 
2.35982 -0.857626 4.78319 
2.37892 -1.12695 4.78319 
2.36239 -1.33525 4.43319 
2.27971 -1.62363 4.43319 
2.25928 -1.7112 4.58319 
2.17811 -2.33595 4.58319 
2.17811 -2.33595 4.58319 
2.17811 -2.33595 4.58319 
2.17811 -2.33595 4.58319 
2.10853 -2.87145 4.58319 
2.05095 -3.07231 4.23319 
1.62215 -3.89756 4.23319 
1.55073 -4.12504 4.63319 
1.19437 -4.64127 3.53319 
1.19437 -4.64127 3.53319 
1.19437 -4.64127 4.03319 
0.723237 -5.22482 4.03319 
0.723237 -5.22482 4.03319 
0.723237 -5.22482 3.68319 
0.723237 -5.22482 4.63319 
0.723237 -5.22482 4.63319 
0.723237 -5.22482 4.93319 
0.723237 -5.22482 4.43319 
0.723237 -5.22482 4.63319 
0.723237 -5.22482 4.63319 
0.723237 -5.22482 4.83319 
0.723237 -5.22482 4.83319 
0.723237 -5.22482 4.43319 
0.723237 -5.22482 4.43319 
0.723237 -5.22482 4.43319 
0.723237 -5.22482 4.43319 
0.723237 -5.22482 2.98319 
0.249247 -5.14911 2.98319 
0.249247 -5.14911 2.98319 
0.249247 -5.14911 2.98319 
